Arguments: 
  C:\Program Files\nodejs\node.exe C:\Program Files\nodejs\node_modules\yarn\bin\yarn.js add @9.0.0

PATH: 
  C:\Users\Dell\bin;C:\Program Files\Git\mingw64\bin;C:\Program Files\Git\usr\local\bin;C:\Program Files\Git\usr\bin;C:\Program Files\Git\usr\bin;C:\Program Files\Git\mingw64\bin;C:\Program Files\Git\usr\bin;C:\Users\Dell\bin;C:\Program Files\Microsoft\jdk-11.0.16.101-hotspot\bin;C:\Python311\Scripts;C:\Python311;C:\Program Files\Common Files\Oracle\Java\javapath;C:\WINDOWS\system32;C:\WINDOWS;C:\WINDOWS\System32\Wbem;C:\WINDOWS\System32\WindowsPowerShell\v1.0;C:\WINDOWS\System32\OpenSSH;C:\ProgramData\chocolatey\bin;C:\Program Files\Git\cmd;C:\Program Files (x86)\Bitvise SSH Client;C:\Program Files (x86)\Microsoft SQL Server\110\Tools\Binn;C:\Program Files\Microsoft SQL Server\110\Tools\Binn;C:\Program Files\Microsoft SQL Server\110\DTS\Binn;C:\Program Files (x86)\Microsoft SQL Server\160\Tools\Binn;C:\Program Files\Microsoft SQL Server\160\Tools\Binn;C:\Program Files\Microsoft SQL Server\Client SDK\ODBC\170\Tools\Binn;C:\Program Files\Microsoft SQL Server\160\DTS\Binn;C:\Program Files (x86)\Microsoft SQL Server\160\DTS\Binn;C:\Program Files\Azure Data Studio\bin;C:\Users\Dell\AppData\Roaming\nvm;C:\Program Files\nodejs;C:\Program Files\Docker\Docker\resources\bin;C:\Program Files\Microsoft SQL Server\150\Tools\Binn;C:\Program Files\Microsoft SQL Server\130\Tools\Binn;C:\Users\Dell\AppData\Local\Microsoft\WindowsApps;C:\Users\Dell\AppData\Local\Programs\Microsoft VS Code\bin;C:\Program Files\Azure Data Studio\bin;C:\Program Files\Java\jdk-19\bin;C:\Users\Dell\AppData\Roaming\nvm;C:\Program Files\nodejs;C:\ProgramData\chocolatey\lib\mingw\tools\install\mingw64\bin;C:\Program Files\Git\usr\bin\vendor_perl;C:\Program Files\Git\usr\bin\core_perl

Yarn version: 
  1.22.19

Node version: 
  18.17.1

Platform: 
  win32 x64

Trace: 
  Error: https://registry.yarnpkg.com/@9.0.0: Request "https://registry.yarnpkg.com/@9.0.0" returned a 405
      at params.callback [as _callback] (C:\Users\Dell\AppData\Roaming\nvm\v18.17.1\node_modules\yarn\lib\cli.js:66154:18)
      at self.callback (C:\Users\Dell\AppData\Roaming\nvm\v18.17.1\node_modules\yarn\lib\cli.js:140890:22)
      at Request.emit (node:events:514:28)
      at Request.<anonymous> (C:\Users\Dell\AppData\Roaming\nvm\v18.17.1\node_modules\yarn\lib\cli.js:141862:10)
      at Request.emit (node:events:514:28)
      at IncomingMessage.<anonymous> (C:\Users\Dell\AppData\Roaming\nvm\v18.17.1\node_modules\yarn\lib\cli.js:141784:12)
      at Object.onceWrapper (node:events:628:28)
      at IncomingMessage.emit (node:events:526:35)
      at endReadableNT (node:internal/streams/readable:1359:12)
      at process.processTicksAndRejections (node:internal/process/task_queues:82:21)

npm manifest: 
  {
    "name": "backend",
    "version": "1.0.0",
    "description": "",
    "main": "server.js",
    "scripts": {
      "start": "node -r esm server.js",
      "dev": "nodemon -r esm server.js"
    },
    "keywords": [],
    "author": "",
    "license": "ISC",
    "dependencies": {
      "bcryptjs": "^2.4.3",
      "cors": "^2.8.5",
      "dotenv": "^16.0.3",
      "esm": "^3.2.25",
      "express": "^4.18.2",
      "jsonwebtoken": "^9.0.0",
      "mongoose": "^6.9.2",
      "multer": "^1.4.5-lts.1"
    }
  }

yarn manifest: 
  No manifest

Lockfile: 
  # THIS IS AN AUTOGENERATED FILE. DO NOT EDIT THIS FILE DIRECTLY.
  # yarn lockfile v1
  
  
  "@aws-crypto/crc32@3.0.0":
    version "3.0.0"
    resolved "https://registry.npmjs.org/@aws-crypto/crc32/-/crc32-3.0.0.tgz"
    integrity sha512-IzSgsrxUcsrejQbPVilIKy16kAT52EwB6zSaI+M3xxIhKh5+aldEyvI+z6erM7TCLB2BJsFrtHjp6/4/sr+3dA==
    dependencies:
      "@aws-crypto/util" "^3.0.0"
      "@aws-sdk/types" "^3.222.0"
      tslib "^1.11.1"
  
  "@aws-crypto/ie11-detection@^3.0.0":
    version "3.0.0"
    resolved "https://registry.npmjs.org/@aws-crypto/ie11-detection/-/ie11-detection-3.0.0.tgz"
    integrity sha512-341lBBkiY1DfDNKai/wXM3aujNBkXR7tq1URPQDL9wi3AUbI80NR74uF1TXHMm7po1AcnFk8iu2S2IeU/+/A+Q==
    dependencies:
      tslib "^1.11.1"
  
  "@aws-crypto/sha256-browser@3.0.0":
    version "3.0.0"
    resolved "https://registry.npmjs.org/@aws-crypto/sha256-browser/-/sha256-browser-3.0.0.tgz"
    integrity sha512-8VLmW2B+gjFbU5uMeqtQM6Nj0/F1bro80xQXCW6CQBWgosFWXTx77aeOF5CAIAmbOK64SdMBJdNr6J41yP5mvQ==
    dependencies:
      "@aws-crypto/ie11-detection" "^3.0.0"
      "@aws-crypto/sha256-js" "^3.0.0"
      "@aws-crypto/supports-web-crypto" "^3.0.0"
      "@aws-crypto/util" "^3.0.0"
      "@aws-sdk/types" "^3.222.0"
      "@aws-sdk/util-locate-window" "^3.0.0"
      "@aws-sdk/util-utf8-browser" "^3.0.0"
      tslib "^1.11.1"
  
  "@aws-crypto/sha256-js@^3.0.0", "@aws-crypto/sha256-js@3.0.0":
    version "3.0.0"
    resolved "https://registry.npmjs.org/@aws-crypto/sha256-js/-/sha256-js-3.0.0.tgz"
    integrity sha512-PnNN7os0+yd1XvXAy23CFOmTbMaDxgxXtTKHybrJ39Y8kGzBATgBFibWJKH6BhytLI/Zyszs87xCOBNyBig6vQ==
    dependencies:
      "@aws-crypto/util" "^3.0.0"
      "@aws-sdk/types" "^3.222.0"
      tslib "^1.11.1"
  
  "@aws-crypto/supports-web-crypto@^3.0.0":
    version "3.0.0"
    resolved "https://registry.npmjs.org/@aws-crypto/supports-web-crypto/-/supports-web-crypto-3.0.0.tgz"
    integrity sha512-06hBdMwUAb2WFTuGG73LSC0wfPu93xWwo5vL2et9eymgmu3Id5vFAHBbajVWiGhPO37qcsdCap/FqXvJGJWPIg==
    dependencies:
      tslib "^1.11.1"
  
  "@aws-crypto/util@^3.0.0":
    version "3.0.0"
    resolved "https://registry.npmjs.org/@aws-crypto/util/-/util-3.0.0.tgz"
    integrity sha512-2OJlpeJpCR48CC8r+uKVChzs9Iungj9wkZrl8Z041DWEWvyIHILYKCPNzJghKsivj+S3mLo6BVc7mBNzdxA46w==
    dependencies:
      "@aws-sdk/types" "^3.222.0"
      "@aws-sdk/util-utf8-browser" "^3.0.0"
      tslib "^1.11.1"
  
  "@aws-sdk/client-cognito-identity@3.427.0":
    version "3.427.0"
    resolved "https://registry.npmjs.org/@aws-sdk/client-cognito-identity/-/client-cognito-identity-3.427.0.tgz"
    integrity sha512-9brRaNnl6haE7R3R43A5CSNw0k1YtB3xjuArbMg/p6NDUpvRSRgOVNWu2R02Yjh/j2ZuaLOCPLuCipb+PHQPKQ==
    dependencies:
      "@aws-crypto/sha256-browser" "3.0.0"
      "@aws-crypto/sha256-js" "3.0.0"
      "@aws-sdk/client-sts" "3.427.0"
      "@aws-sdk/credential-provider-node" "3.427.0"
      "@aws-sdk/middleware-host-header" "3.425.0"
      "@aws-sdk/middleware-logger" "3.425.0"
      "@aws-sdk/middleware-recursion-detection" "3.425.0"
      "@aws-sdk/middleware-signing" "3.425.0"
      "@aws-sdk/middleware-user-agent" "3.427.0"
      "@aws-sdk/region-config-resolver" "3.425.0"
      "@aws-sdk/types" "3.425.0"
      "@aws-sdk/util-endpoints" "3.427.0"
      "@aws-sdk/util-user-agent-browser" "3.425.0"
      "@aws-sdk/util-user-agent-node" "3.425.0"
      "@smithy/config-resolver" "^2.0.11"
      "@smithy/fetch-http-handler" "^2.2.1"
      "@smithy/hash-node" "^2.0.10"
      "@smithy/invalid-dependency" "^2.0.10"
      "@smithy/middleware-content-length" "^2.0.12"
      "@smithy/middleware-endpoint" "^2.0.10"
      "@smithy/middleware-retry" "^2.0.13"
      "@smithy/middleware-serde" "^2.0.10"
      "@smithy/middleware-stack" "^2.0.4"
      "@smithy/node-config-provider" "^2.0.13"
      "@smithy/node-http-handler" "^2.1.6"
      "@smithy/protocol-http" "^3.0.6"
      "@smithy/smithy-client" "^2.1.9"
      "@smithy/types" "^2.3.4"
      "@smithy/url-parser" "^2.0.10"
      "@smithy/util-base64" "^2.0.0"
      "@smithy/util-body-length-browser" "^2.0.0"
      "@smithy/util-body-length-node" "^2.1.0"
      "@smithy/util-defaults-mode-browser" "^2.0.13"
      "@smithy/util-defaults-mode-node" "^2.0.15"
      "@smithy/util-retry" "^2.0.3"
      "@smithy/util-utf8" "^2.0.0"
      tslib "^2.5.0"
  
  "@aws-sdk/client-sso@3.427.0":
    version "3.427.0"
    resolved "https://registry.npmjs.org/@aws-sdk/client-sso/-/client-sso-3.427.0.tgz"
    integrity sha512-sFVFEmsQ1rmgYO1SgrOTxE/MTKpeE4hpOkm1WqhLQK7Ij136vXpjCxjH1JYZiHiUzO1wr9t4ex4dlB5J3VS/Xg==
    dependencies:
      "@aws-crypto/sha256-browser" "3.0.0"
      "@aws-crypto/sha256-js" "3.0.0"
      "@aws-sdk/middleware-host-header" "3.425.0"
      "@aws-sdk/middleware-logger" "3.425.0"
      "@aws-sdk/middleware-recursion-detection" "3.425.0"
      "@aws-sdk/middleware-user-agent" "3.427.0"
      "@aws-sdk/region-config-resolver" "3.425.0"
      "@aws-sdk/types" "3.425.0"
      "@aws-sdk/util-endpoints" "3.427.0"
      "@aws-sdk/util-user-agent-browser" "3.425.0"
      "@aws-sdk/util-user-agent-node" "3.425.0"
      "@smithy/config-resolver" "^2.0.11"
      "@smithy/fetch-http-handler" "^2.2.1"
      "@smithy/hash-node" "^2.0.10"
      "@smithy/invalid-dependency" "^2.0.10"
      "@smithy/middleware-content-length" "^2.0.12"
      "@smithy/middleware-endpoint" "^2.0.10"
      "@smithy/middleware-retry" "^2.0.13"
      "@smithy/middleware-serde" "^2.0.10"
      "@smithy/middleware-stack" "^2.0.4"
      "@smithy/node-config-provider" "^2.0.13"
      "@smithy/node-http-handler" "^2.1.6"
      "@smithy/protocol-http" "^3.0.6"
      "@smithy/smithy-client" "^2.1.9"
      "@smithy/types" "^2.3.4"
      "@smithy/url-parser" "^2.0.10"
      "@smithy/util-base64" "^2.0.0"
      "@smithy/util-body-length-browser" "^2.0.0"
      "@smithy/util-body-length-node" "^2.1.0"
      "@smithy/util-defaults-mode-browser" "^2.0.13"
      "@smithy/util-defaults-mode-node" "^2.0.15"
      "@smithy/util-retry" "^2.0.3"
      "@smithy/util-utf8" "^2.0.0"
      tslib "^2.5.0"
  
  "@aws-sdk/client-sts@3.427.0":
    version "3.427.0"
    resolved "https://registry.npmjs.org/@aws-sdk/client-sts/-/client-sts-3.427.0.tgz"
    integrity sha512-le2wLJKILyWuRfPz2HbyaNtu5kEki+ojUkTqCU6FPDRrqUvEkaaCBH9Awo/2AtrCfRkiobop8RuTTj6cAnpiJg==
    dependencies:
      "@aws-crypto/sha256-browser" "3.0.0"
      "@aws-crypto/sha256-js" "3.0.0"
      "@aws-sdk/credential-provider-node" "3.427.0"
      "@aws-sdk/middleware-host-header" "3.425.0"
      "@aws-sdk/middleware-logger" "3.425.0"
      "@aws-sdk/middleware-recursion-detection" "3.425.0"
      "@aws-sdk/middleware-sdk-sts" "3.425.0"
      "@aws-sdk/middleware-signing" "3.425.0"
      "@aws-sdk/middleware-user-agent" "3.427.0"
      "@aws-sdk/region-config-resolver" "3.425.0"
      "@aws-sdk/types" "3.425.0"
      "@aws-sdk/util-endpoints" "3.427.0"
      "@aws-sdk/util-user-agent-browser" "3.425.0"
      "@aws-sdk/util-user-agent-node" "3.425.0"
      "@smithy/config-resolver" "^2.0.11"
      "@smithy/fetch-http-handler" "^2.2.1"
      "@smithy/hash-node" "^2.0.10"
      "@smithy/invalid-dependency" "^2.0.10"
      "@smithy/middleware-content-length" "^2.0.12"
      "@smithy/middleware-endpoint" "^2.0.10"
      "@smithy/middleware-retry" "^2.0.13"
      "@smithy/middleware-serde" "^2.0.10"
      "@smithy/middleware-stack" "^2.0.4"
      "@smithy/node-config-provider" "^2.0.13"
      "@smithy/node-http-handler" "^2.1.6"
      "@smithy/protocol-http" "^3.0.6"
      "@smithy/smithy-client" "^2.1.9"
      "@smithy/types" "^2.3.4"
      "@smithy/url-parser" "^2.0.10"
      "@smithy/util-base64" "^2.0.0"
      "@smithy/util-body-length-browser" "^2.0.0"
      "@smithy/util-body-length-node" "^2.1.0"
      "@smithy/util-defaults-mode-browser" "^2.0.13"
      "@smithy/util-defaults-mode-node" "^2.0.15"
      "@smithy/util-retry" "^2.0.3"
      "@smithy/util-utf8" "^2.0.0"
      fast-xml-parser "4.2.5"
      tslib "^2.5.0"
  
  "@aws-sdk/credential-provider-cognito-identity@3.427.0":
    version "3.427.0"
    resolved "https://registry.npmjs.org/@aws-sdk/credential-provider-cognito-identity/-/credential-provider-cognito-identity-3.427.0.tgz"
    integrity sha512-BQNzNrMJlBAfXhYNdAUqaVASpT9Aho5swj7glZKxx4Uds1w5Pih2e14JWgnl8XgUWAZ36pchTrV1aA4JT7N8vw==
    dependencies:
      "@aws-sdk/client-cognito-identity" "3.427.0"
      "@aws-sdk/types" "3.425.0"
      "@smithy/property-provider" "^2.0.0"
      "@smithy/types" "^2.3.4"
      tslib "^2.5.0"
  
  "@aws-sdk/credential-provider-env@3.425.0":
    version "3.425.0"
    resolved "https://registry.npmjs.org/@aws-sdk/credential-provider-env/-/credential-provider-env-3.425.0.tgz"
    integrity sha512-J20etnLvMKXRVi5FK4F8yOCNm2RTaQn5psQTGdDEPWJNGxohcSpzzls8U2KcMyUJ+vItlrThr4qwgpHG3i/N0w==
    dependencies:
      "@aws-sdk/types" "3.425.0"
      "@smithy/property-provider" "^2.0.0"
      "@smithy/types" "^2.3.4"
      tslib "^2.5.0"
  
  "@aws-sdk/credential-provider-http@3.425.0":
    version "3.425.0"
    resolved "https://registry.npmjs.org/@aws-sdk/credential-provider-http/-/credential-provider-http-3.425.0.tgz"
    integrity sha512-aP9nkoVWf+OlNMecrUqe4+RuQrX13nucVbty0HTvuwfwJJj0T6ByWZzle+fo1D+5OxvJmtzTflBWt6jUERdHWA==
    dependencies:
      "@aws-sdk/types" "3.425.0"
      "@smithy/fetch-http-handler" "^2.2.1"
      "@smithy/node-http-handler" "^2.1.6"
      "@smithy/property-provider" "^2.0.0"
      "@smithy/protocol-http" "^3.0.6"
      "@smithy/types" "^2.3.4"
      tslib "^2.5.0"
  
  "@aws-sdk/credential-provider-ini@3.427.0":
    version "3.427.0"
    resolved "https://registry.npmjs.org/@aws-sdk/credential-provider-ini/-/credential-provider-ini-3.427.0.tgz"
    integrity sha512-NmH1cO/w98CKMltYec3IrJIIco19wRjATFNiw83c+FGXZ+InJwReqBnruxIOmKTx2KDzd6fwU1HOewS7UjaaaQ==
    dependencies:
      "@aws-sdk/credential-provider-env" "3.425.0"
      "@aws-sdk/credential-provider-process" "3.425.0"
      "@aws-sdk/credential-provider-sso" "3.427.0"
      "@aws-sdk/credential-provider-web-identity" "3.425.0"
      "@aws-sdk/types" "3.425.0"
      "@smithy/credential-provider-imds" "^2.0.0"
      "@smithy/property-provider" "^2.0.0"
      "@smithy/shared-ini-file-loader" "^2.0.6"
      "@smithy/types" "^2.3.4"
      tslib "^2.5.0"
  
  "@aws-sdk/credential-provider-node@3.427.0":
    version "3.427.0"
    resolved "https://registry.npmjs.org/@aws-sdk/credential-provider-node/-/credential-provider-node-3.427.0.tgz"
    integrity sha512-wYYbQ57nKL8OfgRbl8k6uXcdnYml+p3LSSfDUAuUEp1HKlQ8lOXFJ3BdLr5qrk7LhpyppSRnWBmh2c3kWa7ANQ==
    dependencies:
      "@aws-sdk/credential-provider-env" "3.425.0"
      "@aws-sdk/credential-provider-ini" "3.427.0"
      "@aws-sdk/credential-provider-process" "3.425.0"
      "@aws-sdk/credential-provider-sso" "3.427.0"
      "@aws-sdk/credential-provider-web-identity" "3.425.0"
      "@aws-sdk/types" "3.425.0"
      "@smithy/credential-provider-imds" "^2.0.0"
      "@smithy/property-provider" "^2.0.0"
      "@smithy/shared-ini-file-loader" "^2.0.6"
      "@smithy/types" "^2.3.4"
      tslib "^2.5.0"
  
  "@aws-sdk/credential-provider-process@3.425.0":
    version "3.425.0"
    resolved "https://registry.npmjs.org/@aws-sdk/credential-provider-process/-/credential-provider-process-3.425.0.tgz"
    integrity sha512-YY6tkLdvtb1Fgofp3b1UWO+5vwS14LJ/smGmuGpSba0V7gFJRdcrJ9bcb9vVgAGuMdjzRJ+bUKlLLtqXkaykEw==
    dependencies:
      "@aws-sdk/types" "3.425.0"
      "@smithy/property-provider" "^2.0.0"
      "@smithy/shared-ini-file-loader" "^2.0.6"
      "@smithy/types" "^2.3.4"
      tslib "^2.5.0"
  
  "@aws-sdk/credential-provider-sso@3.427.0":
    version "3.427.0"
    resolved "https://registry.npmjs.org/@aws-sdk/credential-provider-sso/-/credential-provider-sso-3.427.0.tgz"
    integrity sha512-c+tXyS/i49erHs4bAp6vKNYeYlyQ0VNMBgoco0LCn1rL0REtHbfhWMnqDLF6c2n3yIWDOTrQu0D73Idnpy16eA==
    dependencies:
      "@aws-sdk/client-sso" "3.427.0"
      "@aws-sdk/token-providers" "3.427.0"
      "@aws-sdk/types" "3.425.0"
      "@smithy/property-provider" "^2.0.0"
      "@smithy/shared-ini-file-loader" "^2.0.6"
      "@smithy/types" "^2.3.4"
      tslib "^2.5.0"
  
  "@aws-sdk/credential-provider-web-identity@3.425.0":
    version "3.425.0"
    resolved "https://registry.npmjs.org/@aws-sdk/credential-provider-web-identity/-/credential-provider-web-identity-3.425.0.tgz"
    integrity sha512-/0R65TgRzL01JU3SzloivWNwdkbIhr06uY/F5pBHf/DynQqaspKNfdHn6AiozgSVDfwRHFjKBTUy6wvf3QFkuA==
    dependencies:
      "@aws-sdk/types" "3.425.0"
      "@smithy/property-provider" "^2.0.0"
      "@smithy/types" "^2.3.4"
      tslib "^2.5.0"
  
  "@aws-sdk/credential-providers@^3.186.0":
    version "3.427.0"
    resolved "https://registry.npmjs.org/@aws-sdk/credential-providers/-/credential-providers-3.427.0.tgz"
    integrity sha512-rKKohSHju462vo+uQnPjcEZPBAfAMgGH6K1XyyCNpuOC0yYLkG87PYpvAQeb8riTrkHPX0dYUHuTHZ6zQgMGjA==
    dependencies:
      "@aws-sdk/client-cognito-identity" "3.427.0"
      "@aws-sdk/client-sso" "3.427.0"
      "@aws-sdk/client-sts" "3.427.0"
      "@aws-sdk/credential-provider-cognito-identity" "3.427.0"
      "@aws-sdk/credential-provider-env" "3.425.0"
      "@aws-sdk/credential-provider-http" "3.425.0"
      "@aws-sdk/credential-provider-ini" "3.427.0"
      "@aws-sdk/credential-provider-node" "3.427.0"
      "@aws-sdk/credential-provider-process" "3.425.0"
      "@aws-sdk/credential-provider-sso" "3.427.0"
      "@aws-sdk/credential-provider-web-identity" "3.425.0"
      "@aws-sdk/types" "3.425.0"
      "@smithy/credential-provider-imds" "^2.0.0"
      "@smithy/property-provider" "^2.0.0"
      "@smithy/types" "^2.3.4"
      tslib "^2.5.0"
  
  "@aws-sdk/middleware-host-header@3.425.0":
    version "3.425.0"
    resolved "https://registry.npmjs.org/@aws-sdk/middleware-host-header/-/middleware-host-header-3.425.0.tgz"
    integrity sha512-E5Gt41LObQ+cr8QnLthwsH3MtVSNXy1AKJMowDr85h0vzqA/FHUkgHyOGntgozzjXT5M0MaSRYxS0xwTR5D4Ew==
    dependencies:
      "@aws-sdk/types" "3.425.0"
      "@smithy/protocol-http" "^3.0.6"
      "@smithy/types" "^2.3.4"
      tslib "^2.5.0"
  
  "@aws-sdk/middleware-logger@3.425.0":
    version "3.425.0"
    resolved "https://registry.npmjs.org/@aws-sdk/middleware-logger/-/middleware-logger-3.425.0.tgz"
    integrity sha512-INE9XWRXx2f4a/r2vOU0tAmgctVp7nEaEasemNtVBYhqbKLZvr9ndLBSgKGgJ8LIcXAoISipaMuFiqIGkFsm7A==
    dependencies:
      "@aws-sdk/types" "3.425.0"
      "@smithy/types" "^2.3.4"
      tslib "^2.5.0"
  
  "@aws-sdk/middleware-recursion-detection@3.425.0":
    version "3.425.0"
    resolved "https://registry.npmjs.org/@aws-sdk/middleware-recursion-detection/-/middleware-recursion-detection-3.425.0.tgz"
    integrity sha512-77gnzJ5b91bgD75L/ugpOyerx6lR3oyS4080X1YI58EzdyBMkDrHM4FbMcY2RynETi3lwXCFzLRyZjWXY1mRlw==
    dependencies:
      "@aws-sdk/types" "3.425.0"
      "@smithy/protocol-http" "^3.0.6"
      "@smithy/types" "^2.3.4"
      tslib "^2.5.0"
  
  "@aws-sdk/middleware-sdk-sts@3.425.0":
    version "3.425.0"
    resolved "https://registry.npmjs.org/@aws-sdk/middleware-sdk-sts/-/middleware-sdk-sts-3.425.0.tgz"
    integrity sha512-JFojrg76oKAoBknnr9EL5N2aJ1mRCtBqXoZYST58GSx8uYdFQ89qS65VNQ8JviBXzsrCNAn4vDhZ5Ch5E6TxGQ==
    dependencies:
      "@aws-sdk/middleware-signing" "3.425.0"
      "@aws-sdk/types" "3.425.0"
      "@smithy/types" "^2.3.4"
      tslib "^2.5.0"
  
  "@aws-sdk/middleware-signing@3.425.0":
    version "3.425.0"
    resolved "https://registry.npmjs.org/@aws-sdk/middleware-signing/-/middleware-signing-3.425.0.tgz"
    integrity sha512-ZpOfgJHk7ovQ0sSwg3tU4NxFOnz53lJlkJRf7S+wxQALHM0P2MJ6LYBrZaFMVsKiJxNIdZBXD6jclgHg72ZW6Q==
    dependencies:
      "@aws-sdk/types" "3.425.0"
      "@smithy/property-provider" "^2.0.0"
      "@smithy/protocol-http" "^3.0.6"
      "@smithy/signature-v4" "^2.0.0"
      "@smithy/types" "^2.3.4"
      "@smithy/util-middleware" "^2.0.3"
      tslib "^2.5.0"
  
  "@aws-sdk/middleware-user-agent@3.427.0":
    version "3.427.0"
    resolved "https://registry.npmjs.org/@aws-sdk/middleware-user-agent/-/middleware-user-agent-3.427.0.tgz"
    integrity sha512-y9HxYsNvnA3KqDl8w1jHeCwz4P9CuBEtu/G+KYffLeAMBsMZmh4SIkFFCO9wE/dyYg6+yo07rYcnnIfy7WA0bw==
    dependencies:
      "@aws-sdk/types" "3.425.0"
      "@aws-sdk/util-endpoints" "3.427.0"
      "@smithy/protocol-http" "^3.0.6"
      "@smithy/types" "^2.3.4"
      tslib "^2.5.0"
  
  "@aws-sdk/region-config-resolver@3.425.0":
    version "3.425.0"
    resolved "https://registry.npmjs.org/@aws-sdk/region-config-resolver/-/region-config-resolver-3.425.0.tgz"
    integrity sha512-u7uv/iUOapIJdRgRkO3wnpYsUgV6ponsZJQgVg/8L+n+Vo5PQL5gAcIuAOwcYSKQPFaeK+KbmByI4SyOK203Vw==
    dependencies:
      "@smithy/node-config-provider" "^2.0.13"
      "@smithy/types" "^2.3.4"
      "@smithy/util-config-provider" "^2.0.0"
      "@smithy/util-middleware" "^2.0.3"
      tslib "^2.5.0"
  
  "@aws-sdk/token-providers@3.427.0":
    version "3.427.0"
    resolved "https://registry.npmjs.org/@aws-sdk/token-providers/-/token-providers-3.427.0.tgz"
    integrity sha512-4E5E+4p8lJ69PBY400dJXF06LUHYx5lkKzBEsYqWWhoZcoftrvi24ltIhUDoGVLkrLcTHZIWSdFAWSos4hXqeg==
    dependencies:
      "@aws-crypto/sha256-browser" "3.0.0"
      "@aws-crypto/sha256-js" "3.0.0"
      "@aws-sdk/middleware-host-header" "3.425.0"
      "@aws-sdk/middleware-logger" "3.425.0"
      "@aws-sdk/middleware-recursion-detection" "3.425.0"
      "@aws-sdk/middleware-user-agent" "3.427.0"
      "@aws-sdk/types" "3.425.0"
      "@aws-sdk/util-endpoints" "3.427.0"
      "@aws-sdk/util-user-agent-browser" "3.425.0"
      "@aws-sdk/util-user-agent-node" "3.425.0"
      "@smithy/config-resolver" "^2.0.11"
      "@smithy/fetch-http-handler" "^2.2.1"
      "@smithy/hash-node" "^2.0.10"
      "@smithy/invalid-dependency" "^2.0.10"
      "@smithy/middleware-content-length" "^2.0.12"
      "@smithy/middleware-endpoint" "^2.0.10"
      "@smithy/middleware-retry" "^2.0.13"
      "@smithy/middleware-serde" "^2.0.10"
      "@smithy/middleware-stack" "^2.0.4"
      "@smithy/node-config-provider" "^2.0.13"
      "@smithy/node-http-handler" "^2.1.6"
      "@smithy/property-provider" "^2.0.0"
      "@smithy/protocol-http" "^3.0.6"
      "@smithy/shared-ini-file-loader" "^2.0.6"
      "@smithy/smithy-client" "^2.1.9"
      "@smithy/types" "^2.3.4"
      "@smithy/url-parser" "^2.0.10"
      "@smithy/util-base64" "^2.0.0"
      "@smithy/util-body-length-browser" "^2.0.0"
      "@smithy/util-body-length-node" "^2.1.0"
      "@smithy/util-defaults-mode-browser" "^2.0.13"
      "@smithy/util-defaults-mode-node" "^2.0.15"
      "@smithy/util-retry" "^2.0.3"
      "@smithy/util-utf8" "^2.0.0"
      tslib "^2.5.0"
  
  "@aws-sdk/types@^3.222.0", "@aws-sdk/types@3.425.0":
    version "3.425.0"
    resolved "https://registry.npmjs.org/@aws-sdk/types/-/types-3.425.0.tgz"
    integrity sha512-6lqbmorwerN4v+J5dqbHPAsjynI0mkEF+blf+69QTaKKGaxBBVaXgqoqul9RXYcK5MMrrYRbQIMd0zYOoy90kA==
    dependencies:
      "@smithy/types" "^2.3.4"
      tslib "^2.5.0"
  
  "@aws-sdk/util-endpoints@3.427.0":
    version "3.427.0"
    resolved "https://registry.npmjs.org/@aws-sdk/util-endpoints/-/util-endpoints-3.427.0.tgz"
    integrity sha512-rSyiAIFF/EVvity/+LWUqoTMJ0a25RAc9iqx0WZ4tf1UjuEXRRXxZEb+jEZg1bk+pY84gdLdx9z5E+MSJCZxNQ==
    dependencies:
      "@aws-sdk/types" "3.425.0"
      "@smithy/node-config-provider" "^2.0.13"
      tslib "^2.5.0"
  
  "@aws-sdk/util-locate-window@^3.0.0":
    version "3.310.0"
    resolved "https://registry.npmjs.org/@aws-sdk/util-locate-window/-/util-locate-window-3.310.0.tgz"
    integrity sha512-qo2t/vBTnoXpjKxlsC2e1gBrRm80M3bId27r0BRB2VniSSe7bL1mmzM+/HFtujm0iAxtPM+aLEflLJlJeDPg0w==
    dependencies:
      tslib "^2.5.0"
  
  "@aws-sdk/util-user-agent-browser@3.425.0":
    version "3.425.0"
    resolved "https://registry.npmjs.org/@aws-sdk/util-user-agent-browser/-/util-user-agent-browser-3.425.0.tgz"
    integrity sha512-22Y9iMtjGcFjGILR6/xdp1qRezlHVLyXtnpEsbuPTiernRCPk6zfAnK/ATH77r02MUjU057tdxVkd5umUBTn9Q==
    dependencies:
      "@aws-sdk/types" "3.425.0"
      "@smithy/types" "^2.3.4"
      bowser "^2.11.0"
      tslib "^2.5.0"
  
  "@aws-sdk/util-user-agent-node@3.425.0":
    version "3.425.0"
    resolved "https://registry.npmjs.org/@aws-sdk/util-user-agent-node/-/util-user-agent-node-3.425.0.tgz"
    integrity sha512-SIR4F5uQeeVAi8lv4OgRirtdtNi5zeyogTuQgGi9su8F/WP1N6JqxofcwpUY5f8/oJ2UlXr/tx1f09UHfJJzvA==
    dependencies:
      "@aws-sdk/types" "3.425.0"
      "@smithy/node-config-provider" "^2.0.13"
      "@smithy/types" "^2.3.4"
      tslib "^2.5.0"
  
  "@aws-sdk/util-utf8-browser@^3.0.0":
    version "3.259.0"
    resolved "https://registry.npmjs.org/@aws-sdk/util-utf8-browser/-/util-utf8-browser-3.259.0.tgz"
    integrity sha512-UvFa/vR+e19XookZF8RzFZBrw2EUkQWxiBW0yYQAhvk3C+QVGl0H3ouca8LDBlBfQKXwmW3huo/59H8rwb1wJw==
    dependencies:
      tslib "^2.3.1"
  
  "@smithy/abort-controller@^2.0.11":
    version "2.0.11"
    resolved "https://registry.npmjs.org/@smithy/abort-controller/-/abort-controller-2.0.11.tgz"
    integrity sha512-MSzE1qR2JNyb7ot3blIOT3O3H0Jn06iNDEgHRaqZUwBgx5EG+VIx24Y21tlKofzYryIOcWpIohLrIIyocD6LMA==
    dependencies:
      "@smithy/types" "^2.3.5"
      tslib "^2.5.0"
  
  "@smithy/config-resolver@^2.0.11", "@smithy/config-resolver@^2.0.14":
    version "2.0.14"
    resolved "https://registry.npmjs.org/@smithy/config-resolver/-/config-resolver-2.0.14.tgz"
    integrity sha512-K1K+FuWQoy8j/G7lAmK85o03O89s2Vvh6kMFmzEmiHUoQCRH1rzbDtMnGNiaMHeSeYJ6y79IyTusdRG+LuWwtg==
    dependencies:
      "@smithy/node-config-provider" "^2.1.1"
      "@smithy/types" "^2.3.5"
      "@smithy/util-config-provider" "^2.0.0"
      "@smithy/util-middleware" "^2.0.4"
      tslib "^2.5.0"
  
  "@smithy/credential-provider-imds@^2.0.0", "@smithy/credential-provider-imds@^2.0.16":
    version "2.0.16"
    resolved "https://registry.npmjs.org/@smithy/credential-provider-imds/-/credential-provider-imds-2.0.16.tgz"
    integrity sha512-tKa2xF+69TvGxJT+lnJpGrKxUuAZDLYXFhqnPEgnHz+psTpkpcB4QRjHj63+uj83KaeFJdTfW201eLZeRn6FfA==
    dependencies:
      "@smithy/node-config-provider" "^2.1.1"
      "@smithy/property-provider" "^2.0.12"
      "@smithy/types" "^2.3.5"
      "@smithy/url-parser" "^2.0.11"
      tslib "^2.5.0"
  
  "@smithy/eventstream-codec@^2.0.11":
    version "2.0.11"
    resolved "https://registry.npmjs.org/@smithy/eventstream-codec/-/eventstream-codec-2.0.11.tgz"
    integrity sha512-BQCTjxhCYRZIfXapa2LmZSaH8QUBGwMZw7XRN83hrdixbLjIcj+o549zjkedFS07Ve2TlvWUI6BTzP+nv7snBA==
    dependencies:
      "@aws-crypto/crc32" "3.0.0"
      "@smithy/types" "^2.3.5"
      "@smithy/util-hex-encoding" "^2.0.0"
      tslib "^2.5.0"
  
  "@smithy/fetch-http-handler@^2.2.1", "@smithy/fetch-http-handler@^2.2.3":
    version "2.2.3"
    resolved "https://registry.npmjs.org/@smithy/fetch-http-handler/-/fetch-http-handler-2.2.3.tgz"
    integrity sha512-0G9sePU+0R+8d7cie+OXzNbbkjnD4RfBlVCs46ZEuQAMcxK8OniemYXSSkOc80CCk8Il4DnlYZcUSvsIs2OB2w==
    dependencies:
      "@smithy/protocol-http" "^3.0.7"
      "@smithy/querystring-builder" "^2.0.11"
      "@smithy/types" "^2.3.5"
      "@smithy/util-base64" "^2.0.0"
      tslib "^2.5.0"
  
  "@smithy/hash-node@^2.0.10":
    version "2.0.11"
    resolved "https://registry.npmjs.org/@smithy/hash-node/-/hash-node-2.0.11.tgz"
    integrity sha512-PbleVugN2tbhl1ZoNWVrZ1oTFFas/Hq+s6zGO8B9bv4w/StTriTKA9W+xZJACOj9X7zwfoTLbscM+avCB1KqOQ==
    dependencies:
      "@smithy/types" "^2.3.5"
      "@smithy/util-buffer-from" "^2.0.0"
      "@smithy/util-utf8" "^2.0.0"
      tslib "^2.5.0"
  
  "@smithy/invalid-dependency@^2.0.10":
    version "2.0.11"
    resolved "https://registry.npmjs.org/@smithy/invalid-dependency/-/invalid-dependency-2.0.11.tgz"
    integrity sha512-zazq99ujxYv/NOf9zh7xXbNgzoVLsqE0wle8P/1zU/XdhPi/0zohTPKWUzIxjGdqb5hkkwfBkNkl5H+LE0mvgw==
    dependencies:
      "@smithy/types" "^2.3.5"
      tslib "^2.5.0"
  
  "@smithy/is-array-buffer@^2.0.0":
    version "2.0.0"
    resolved "https://registry.npmjs.org/@smithy/is-array-buffer/-/is-array-buffer-2.0.0.tgz"
    integrity sha512-z3PjFjMyZNI98JFRJi/U0nGoLWMSJlDjAW4QUX2WNZLas5C0CmVV6LJ01JI0k90l7FvpmixjWxPFmENSClQ7ug==
    dependencies:
      tslib "^2.5.0"
  
  "@smithy/middleware-content-length@^2.0.12":
    version "2.0.13"
    resolved "https://registry.npmjs.org/@smithy/middleware-content-length/-/middleware-content-length-2.0.13.tgz"
    integrity sha512-Md2kxWpaec3bXp1oERFPQPBhOXCkGSAF7uc1E+4rkwjgw3/tqAXRtbjbggu67HJdwaif76As8AV6XxbD1HzqTQ==
    dependencies:
      "@smithy/protocol-http" "^3.0.7"
      "@smithy/types" "^2.3.5"
      tslib "^2.5.0"
  
  "@smithy/middleware-endpoint@^2.0.10":
    version "2.1.0"
    resolved "https://registry.npmjs.org/@smithy/middleware-endpoint/-/middleware-endpoint-2.1.0.tgz"
    integrity sha512-e6HZbfrp9CNTJqIPSgkydB9mNQXiq5pkHF3ZB6rOzPPR9PkJBoGFo9TcM7FaaKFUaH4Kc20AX6WwwVyIlNhXTA==
    dependencies:
      "@smithy/middleware-serde" "^2.0.11"
      "@smithy/node-config-provider" "^2.1.1"
      "@smithy/types" "^2.3.5"
      "@smithy/url-parser" "^2.0.11"
      "@smithy/util-middleware" "^2.0.4"
      tslib "^2.5.0"
  
  "@smithy/middleware-retry@^2.0.13":
    version "2.0.16"
    resolved "https://registry.npmjs.org/@smithy/middleware-retry/-/middleware-retry-2.0.16.tgz"
    integrity sha512-Br5+0yoiMS0ugiOAfJxregzMMGIRCbX4PYo1kDHtLgvkA/d++aHbnHB819m5zOIAMPvPE7AThZgcsoK+WOsUTA==
    dependencies:
      "@smithy/node-config-provider" "^2.1.1"
      "@smithy/protocol-http" "^3.0.7"
      "@smithy/service-error-classification" "^2.0.4"
      "@smithy/types" "^2.3.5"
      "@smithy/util-middleware" "^2.0.4"
      "@smithy/util-retry" "^2.0.4"
      tslib "^2.5.0"
      uuid "^8.3.2"
  
  "@smithy/middleware-serde@^2.0.10", "@smithy/middleware-serde@^2.0.11":
    version "2.0.11"
    resolved "https://registry.npmjs.org/@smithy/middleware-serde/-/middleware-serde-2.0.11.tgz"
    integrity sha512-NuxnjMyf4zQqhwwdh0OTj5RqpnuT6HcH5Xg5GrPijPcKzc2REXVEVK4Yyk8ckj8ez1XSj/bCmJ+oNjmqB02GWA==
    dependencies:
      "@smithy/types" "^2.3.5"
      tslib "^2.5.0"
  
  "@smithy/middleware-stack@^2.0.4", "@smithy/middleware-stack@^2.0.5":
    version "2.0.5"
    resolved "https://registry.npmjs.org/@smithy/middleware-stack/-/middleware-stack-2.0.5.tgz"
    integrity sha512-bVQU/rZzBY7CbSxIrDTGZYnBWKtIw+PL/cRc9B7etZk1IKSOe0NvKMJyWllfhfhrTeMF6eleCzOihIQympAvPw==
    dependencies:
      "@smithy/types" "^2.3.5"
      tslib "^2.5.0"
  
  "@smithy/node-config-provider@^2.0.13", "@smithy/node-config-provider@^2.1.1":
    version "2.1.1"
    resolved "https://registry.npmjs.org/@smithy/node-config-provider/-/node-config-provider-2.1.1.tgz"
    integrity sha512-1lF6s1YWBi1LBu2O30tD3jyTgMtuvk/Z1twzXM4GPYe4dmZix4nNREPJIPOcfFikNU2o0eTYP80+izx5F2jIJA==
    dependencies:
      "@smithy/property-provider" "^2.0.12"
      "@smithy/shared-ini-file-loader" "^2.2.0"
      "@smithy/types" "^2.3.5"
      tslib "^2.5.0"
  
  "@smithy/node-http-handler@^2.1.6", "@smithy/node-http-handler@^2.1.7":
    version "2.1.7"
    resolved "https://registry.npmjs.org/@smithy/node-http-handler/-/node-http-handler-2.1.7.tgz"
    integrity sha512-PQIKZXlp3awCDn/xNlCSTFE7aYG/5Tx33M05NfQmWYeB5yV1GZZOSz4dXpwiNJYTXb9jPqjl+ueXXkwtEluFFA==
    dependencies:
      "@smithy/abort-controller" "^2.0.11"
      "@smithy/protocol-http" "^3.0.7"
      "@smithy/querystring-builder" "^2.0.11"
      "@smithy/types" "^2.3.5"
      tslib "^2.5.0"
  
  "@smithy/property-provider@^2.0.0", "@smithy/property-provider@^2.0.12":
    version "2.0.12"
    resolved "https://registry.npmjs.org/@smithy/property-provider/-/property-provider-2.0.12.tgz"
    integrity sha512-Un/OvvuQ1Kg8WYtoMCicfsFFuHb/TKL3pCA6ZIo/WvNTJTR94RtoRnL7mY4XkkUAoFMyf6KjcQJ76y1FX7S5rw==
    dependencies:
      "@smithy/types" "^2.3.5"
      tslib "^2.5.0"
  
  "@smithy/protocol-http@^3.0.6", "@smithy/protocol-http@^3.0.7":
    version "3.0.7"
    resolved "https://registry.npmjs.org/@smithy/protocol-http/-/protocol-http-3.0.7.tgz"
    integrity sha512-HnZW8y+r66ntYueCDbLqKwWcMNWW8o3eVpSrHNluwtBJ/EUWfQHRKSiu6vZZtc6PGfPQWgVfucoCE/C3QufMAA==
    dependencies:
      "@smithy/types" "^2.3.5"
      tslib "^2.5.0"
  
  "@smithy/querystring-builder@^2.0.11":
    version "2.0.11"
    resolved "https://registry.npmjs.org/@smithy/querystring-builder/-/querystring-builder-2.0.11.tgz"
    integrity sha512-b4kEbVMxpmfv2VWUITn2otckTi7GlMteZQxi+jlwedoATOGEyrCJPfRcYQJjbCi3fZ2QTfh3PcORvB27+j38Yg==
    dependencies:
      "@smithy/types" "^2.3.5"
      "@smithy/util-uri-escape" "^2.0.0"
      tslib "^2.5.0"
  
  "@smithy/querystring-parser@^2.0.11":
    version "2.0.11"
    resolved "https://registry.npmjs.org/@smithy/querystring-parser/-/querystring-parser-2.0.11.tgz"
    integrity sha512-YXe7jhi7s3dQ0Fu9dLoY/gLu6NCyy8tBWJL/v2c9i7/RLpHgKT+uT96/OqZkHizCJ4kr0ZD46tzMjql/o60KLg==
    dependencies:
      "@smithy/types" "^2.3.5"
      tslib "^2.5.0"
  
  "@smithy/service-error-classification@^2.0.4":
    version "2.0.4"
    resolved "https://registry.npmjs.org/@smithy/service-error-classification/-/service-error-classification-2.0.4.tgz"
    integrity sha512-77506l12I5gxTZqBkx3Wb0RqMG81bMYLaVQ+EqIWFwQDJRs5UFeXogKxSKojCmz1wLUziHZQXm03MBzPQiumQw==
    dependencies:
      "@smithy/types" "^2.3.5"
  
  "@smithy/shared-ini-file-loader@^2.0.6", "@smithy/shared-ini-file-loader@^2.2.0":
    version "2.2.0"
    resolved "https://registry.npmjs.org/@smithy/shared-ini-file-loader/-/shared-ini-file-loader-2.2.0.tgz"
    integrity sha512-xFXqs4vAb5BdkzHSRrTapFoaqS4/3m/CGZzdw46fBjYZ0paYuLAoMY60ICCn1FfGirG+PiJ3eWcqJNe4/SkfyA==
    dependencies:
      "@smithy/types" "^2.3.5"
      tslib "^2.5.0"
  
  "@smithy/signature-v4@^2.0.0":
    version "2.0.11"
    resolved "https://registry.npmjs.org/@smithy/signature-v4/-/signature-v4-2.0.11.tgz"
    integrity sha512-EFVU1dT+2s8xi227l1A9O27edT/GNKvyAK6lZnIZ0zhIHq/jSLznvkk15aonGAM1kmhmZBVGpI7Tt0odueZK9A==
    dependencies:
      "@smithy/eventstream-codec" "^2.0.11"
      "@smithy/is-array-buffer" "^2.0.0"
      "@smithy/types" "^2.3.5"
      "@smithy/util-hex-encoding" "^2.0.0"
      "@smithy/util-middleware" "^2.0.4"
      "@smithy/util-uri-escape" "^2.0.0"
      "@smithy/util-utf8" "^2.0.0"
      tslib "^2.5.0"
  
  "@smithy/smithy-client@^2.1.11", "@smithy/smithy-client@^2.1.9":
    version "2.1.11"
    resolved "https://registry.npmjs.org/@smithy/smithy-client/-/smithy-client-2.1.11.tgz"
    integrity sha512-okjMbuBBCTiieK665OFN/ap6u9+Z9z55PMphS5FYCsS6Zfp137Q3qlnt0OgBAnUVnH/mNGyoJV0LBX9gkTWptg==
    dependencies:
      "@smithy/middleware-stack" "^2.0.5"
      "@smithy/types" "^2.3.5"
      "@smithy/util-stream" "^2.0.16"
      tslib "^2.5.0"
  
  "@smithy/types@^2.3.4", "@smithy/types@^2.3.5":
    version "2.3.5"
    resolved "https://registry.npmjs.org/@smithy/types/-/types-2.3.5.tgz"
    integrity sha512-ehyDt8M9hehyxrLQGoA1BGPou8Js1Ocoh5M0ngDhJMqbFmNK5N6Xhr9/ZExWkyIW8XcGkiMPq3ZUEE0ScrhbuQ==
    dependencies:
      tslib "^2.5.0"
  
  "@smithy/url-parser@^2.0.10", "@smithy/url-parser@^2.0.11":
    version "2.0.11"
    resolved "https://registry.npmjs.org/@smithy/url-parser/-/url-parser-2.0.11.tgz"
    integrity sha512-h89yXMCCF+S5k9XIoKltMIWTYj+FcEkU/IIFZ6RtE222fskOTL4Iak6ZRG+ehSvZDt8yKEcxqheTDq7JvvtK3g==
    dependencies:
      "@smithy/querystring-parser" "^2.0.11"
      "@smithy/types" "^2.3.5"
      tslib "^2.5.0"
  
  "@smithy/util-base64@^2.0.0":
    version "2.0.0"
    resolved "https://registry.npmjs.org/@smithy/util-base64/-/util-base64-2.0.0.tgz"
    integrity sha512-Zb1E4xx+m5Lud8bbeYi5FkcMJMnn+1WUnJF3qD7rAdXpaL7UjkFQLdmW5fHadoKbdHpwH9vSR8EyTJFHJs++tA==
    dependencies:
      "@smithy/util-buffer-from" "^2.0.0"
      tslib "^2.5.0"
  
  "@smithy/util-body-length-browser@^2.0.0":
    version "2.0.0"
    resolved "https://registry.npmjs.org/@smithy/util-body-length-browser/-/util-body-length-browser-2.0.0.tgz"
    integrity sha512-JdDuS4ircJt+FDnaQj88TzZY3+njZ6O+D3uakS32f2VNnDo3vyEuNdBOh/oFd8Df1zSZOuH1HEChk2AOYDezZg==
    dependencies:
      tslib "^2.5.0"
  
  "@smithy/util-body-length-node@^2.1.0":
    version "2.1.0"
    resolved "https://registry.npmjs.org/@smithy/util-body-length-node/-/util-body-length-node-2.1.0.tgz"
    integrity sha512-/li0/kj/y3fQ3vyzn36NTLGmUwAICb7Jbe/CsWCktW363gh1MOcpEcSO3mJ344Gv2dqz8YJCLQpb6hju/0qOWw==
    dependencies:
      tslib "^2.5.0"
  
  "@smithy/util-buffer-from@^2.0.0":
    version "2.0.0"
    resolved "https://registry.npmjs.org/@smithy/util-buffer-from/-/util-buffer-from-2.0.0.tgz"
    integrity sha512-/YNnLoHsR+4W4Vf2wL5lGv0ksg8Bmk3GEGxn2vEQt52AQaPSCuaO5PM5VM7lP1K9qHRKHwrPGktqVoAHKWHxzw==
    dependencies:
      "@smithy/is-array-buffer" "^2.0.0"
      tslib "^2.5.0"
  
  "@smithy/util-config-provider@^2.0.0":
    version "2.0.0"
    resolved "https://registry.npmjs.org/@smithy/util-config-provider/-/util-config-provider-2.0.0.tgz"
    integrity sha512-xCQ6UapcIWKxXHEU4Mcs2s7LcFQRiU3XEluM2WcCjjBtQkUN71Tb+ydGmJFPxMUrW/GWMgQEEGipLym4XG0jZg==
    dependencies:
      tslib "^2.5.0"
  
  "@smithy/util-defaults-mode-browser@^2.0.13":
    version "2.0.15"
    resolved "https://registry.npmjs.org/@smithy/util-defaults-mode-browser/-/util-defaults-mode-browser-2.0.15.tgz"
    integrity sha512-2raMZOYKSuke7QlDg/HDcxQdrp0zteJ8z+S0B9Rn23J55ZFNK1+IjG4HkN6vo/0u3Xy/JOdJ93ibiBSB8F7kOw==
    dependencies:
      "@smithy/property-provider" "^2.0.12"
      "@smithy/smithy-client" "^2.1.11"
      "@smithy/types" "^2.3.5"
      bowser "^2.11.0"
      tslib "^2.5.0"
  
  "@smithy/util-defaults-mode-node@^2.0.15":
    version "2.0.19"
    resolved "https://registry.npmjs.org/@smithy/util-defaults-mode-node/-/util-defaults-mode-node-2.0.19.tgz"
    integrity sha512-7pScU4jBFADB2MBYKM3zb5onMh6Nn0X3IfaFVLYPyCarTIZDLUtUl1GtruzEUJPmDzP+uGeqOtU589HDY0Ni6g==
    dependencies:
      "@smithy/config-resolver" "^2.0.14"
      "@smithy/credential-provider-imds" "^2.0.16"
      "@smithy/node-config-provider" "^2.1.1"
      "@smithy/property-provider" "^2.0.12"
      "@smithy/smithy-client" "^2.1.11"
      "@smithy/types" "^2.3.5"
      tslib "^2.5.0"
  
  "@smithy/util-hex-encoding@^2.0.0":
    version "2.0.0"
    resolved "https://registry.npmjs.org/@smithy/util-hex-encoding/-/util-hex-encoding-2.0.0.tgz"
    integrity sha512-c5xY+NUnFqG6d7HFh1IFfrm3mGl29lC+vF+geHv4ToiuJCBmIfzx6IeHLg+OgRdPFKDXIw6pvi+p3CsscaMcMA==
    dependencies:
      tslib "^2.5.0"
  
  "@smithy/util-middleware@^2.0.3", "@smithy/util-middleware@^2.0.4":
    version "2.0.4"
    resolved "https://registry.npmjs.org/@smithy/util-middleware/-/util-middleware-2.0.4.tgz"
    integrity sha512-Pbu6P4MBwRcjrLgdTR1O4Y3c0sTZn2JdOiJNcgL7EcIStcQodj+6ZTXtbyU/WTEU3MV2NMA10LxFc3AWHZ3+4A==
    dependencies:
      "@smithy/types" "^2.3.5"
      tslib "^2.5.0"
  
  "@smithy/util-retry@^2.0.3", "@smithy/util-retry@^2.0.4":
    version "2.0.4"
    resolved "https://registry.npmjs.org/@smithy/util-retry/-/util-retry-2.0.4.tgz"
    integrity sha512-b+n1jBBKc77C1E/zfBe1Zo7S9OXGBiGn55N0apfhZHxPUP/fMH5AhFUUcWaJh7NAnah284M5lGkBKuhnr3yK5w==
    dependencies:
      "@smithy/service-error-classification" "^2.0.4"
      "@smithy/types" "^2.3.5"
      tslib "^2.5.0"
  
  "@smithy/util-stream@^2.0.16":
    version "2.0.16"
    resolved "https://registry.npmjs.org/@smithy/util-stream/-/util-stream-2.0.16.tgz"
    integrity sha512-b5ZSRh1KzUzC7LoJcpfk7+iXGoRr3WylEfmPd4FnBLm90OwxSB9VgK1fDZwicfYxSEvWHdYXgvvjPtenEYBBhw==
    dependencies:
      "@smithy/fetch-http-handler" "^2.2.3"
      "@smithy/node-http-handler" "^2.1.7"
      "@smithy/types" "^2.3.5"
      "@smithy/util-base64" "^2.0.0"
      "@smithy/util-buffer-from" "^2.0.0"
      "@smithy/util-hex-encoding" "^2.0.0"
      "@smithy/util-utf8" "^2.0.0"
      tslib "^2.5.0"
  
  "@smithy/util-uri-escape@^2.0.0":
    version "2.0.0"
    resolved "https://registry.npmjs.org/@smithy/util-uri-escape/-/util-uri-escape-2.0.0.tgz"
    integrity sha512-ebkxsqinSdEooQduuk9CbKcI+wheijxEb3utGXkCoYQkJnwTnLbH1JXGimJtUkQwNQbsbuYwG2+aFVyZf5TLaw==
    dependencies:
      tslib "^2.5.0"
  
  "@smithy/util-utf8@^2.0.0":
    version "2.0.0"
    resolved "https://registry.npmjs.org/@smithy/util-utf8/-/util-utf8-2.0.0.tgz"
    integrity sha512-rctU1VkziY84n5OXe3bPNpKR001ZCME2JCaBBFgtiM2hfKbHFudc/BkMuPab8hRbLd0j3vbnBTTZ1igBf0wgiQ==
    dependencies:
      "@smithy/util-buffer-from" "^2.0.0"
      tslib "^2.5.0"
  
  "@types/node@*":
    version "20.8.4"
    resolved "https://registry.npmjs.org/@types/node/-/node-20.8.4.tgz"
    integrity sha512-ZVPnqU58giiCjSxjVUESDtdPk4QR5WQhhINbc9UBrKLU68MX5BF6kbQzTrkwbolyr0X8ChBpXfavr5mZFKZQ5A==
    dependencies:
      undici-types "~5.25.1"
  
  "@types/webidl-conversions@*":
    version "7.0.1"
    resolved "https://registry.npmjs.org/@types/webidl-conversions/-/webidl-conversions-7.0.1.tgz"
    integrity sha512-8hKOnOan+Uu+NgMaCouhg3cT9x5fFZ92Jwf+uDLXLu/MFRbXxlWwGeQY7KVHkeSft6RvY+tdxklUBuyY9eIEKg==
  
  "@types/whatwg-url@^8.2.1":
    version "8.2.2"
    resolved "https://registry.npmjs.org/@types/whatwg-url/-/whatwg-url-8.2.2.tgz"
    integrity sha512-FtQu10RWgn3D9U4aazdwIE2yzphmTJREDqNdODHrbrZmmMqI0vMheC/6NE/J1Yveaj8H+ela+YwWTjq5PGmuhA==
    dependencies:
      "@types/node" "*"
      "@types/webidl-conversions" "*"
  
  accepts@~1.3.8:
    version "1.3.8"
    resolved "https://registry.npmjs.org/accepts/-/accepts-1.3.8.tgz"
    integrity sha512-PYAthTa2m2VKxuvSD3DPC/Gy+U+sOA1LAuT8mkmRuvw+NACSaeXEQ+NHcVF7rONl6qcaxV3Uuemwawk+7+SJLw==
    dependencies:
      mime-types "~2.1.34"
      negotiator "0.6.3"
  
  append-field@^1.0.0:
    version "1.0.0"
    resolved "https://registry.npmjs.org/append-field/-/append-field-1.0.0.tgz"
    integrity sha512-klpgFSWLW1ZEs8svjfb7g4qWY0YS5imI82dTg+QahUvJ8YqAY0P10Uk8tTyh9ZGuYEZEMaeJYCF5BFuX552hsw==
  
  array-flatten@1.1.1:
    version "1.1.1"
    resolved "https://registry.npmjs.org/array-flatten/-/array-flatten-1.1.1.tgz"
    integrity sha512-PCVAQswWemu6UdxsDFFX/+gVeYqKAod3D3UVm91jHwynguOwAvYPhx8nNlM++NqRcK6CxxpUafjmhIdKiHibqg==
  
  base64-js@^1.3.1:
    version "1.5.1"
    resolved "https://registry.npmjs.org/base64-js/-/base64-js-1.5.1.tgz"
    integrity sha512-AKpaYlHn8t4SVbOHCy+b5+KKgvR4vrsD8vbvrbiQJps7fKDTkjkDry6ji0rUJjC0kzbNePLwzxq8iypo41qeWA==
  
  bcryptjs@^2.4.3:
    version "2.4.3"
    resolved "https://registry.npmjs.org/bcryptjs/-/bcryptjs-2.4.3.tgz"
    integrity sha512-V/Hy/X9Vt7f3BbPJEi8BdVFMByHi+jNXrYkW3huaybV/kQ0KJg0Y6PkEMbn+zeT+i+SiKZ/HMqJGIIt4LZDqNQ==
  
  body-parser@1.20.1:
    version "1.20.1"
    resolved "https://registry.npmjs.org/body-parser/-/body-parser-1.20.1.tgz"
    integrity sha512-jWi7abTbYwajOytWCQc37VulmWiRae5RyTpaCyDcS5/lMdtwSz5lOpDE67srw/HYe35f1z3fDQw+3txg7gNtWw==
    dependencies:
      bytes "3.1.2"
      content-type "~1.0.4"
      debug "2.6.9"
      depd "2.0.0"
      destroy "1.2.0"
      http-errors "2.0.0"
      iconv-lite "0.4.24"
      on-finished "2.4.1"
      qs "6.11.0"
      raw-body "2.5.1"
      type-is "~1.6.18"
      unpipe "1.0.0"
  
  bowser@^2.11.0:
    version "2.11.0"
    resolved "https://registry.npmjs.org/bowser/-/bowser-2.11.0.tgz"
    integrity sha512-AlcaJBi/pqqJBIQ8U9Mcpc9i8Aqxn88Skv5d+xBX006BY5u8N3mGLHa5Lgppa7L/HfwgwLgZ6NYs+Ag6uUmJRA==
  
  bson@^4.7.0:
    version "4.7.2"
    resolved "https://registry.npmjs.org/bson/-/bson-4.7.2.tgz"
    integrity sha512-Ry9wCtIZ5kGqkJoi6aD8KjxFZEx78guTQDnpXWiNthsxzrxAK/i8E6pCHAIZTbaEFWcOCvbecMukfK7XUvyLpQ==
    dependencies:
      buffer "^5.6.0"
  
  buffer-equal-constant-time@1.0.1:
    version "1.0.1"
    resolved "https://registry.npmjs.org/buffer-equal-constant-time/-/buffer-equal-constant-time-1.0.1.tgz"
    integrity sha512-zRpUiDwd/xk6ADqPMATG8vc9VPrkck7T07OIx0gnjmJAnHnTVXNQG3vfvWNuiZIkwu9KrKdA1iJKfsfTVxE6NA==
  
  buffer-from@^1.0.0:
    version "1.1.2"
    resolved "https://registry.npmjs.org/buffer-from/-/buffer-from-1.1.2.tgz"
    integrity sha512-E+XQCRwSbaaiChtv6k6Dwgc+bx+Bs6vuKJHHl5kox/BaKbhiXzqQOwK4cO22yElGp2OCmjwVhT3HmxgyPGnJfQ==
  
  buffer@^5.6.0:
    version "5.7.1"
    resolved "https://registry.npmjs.org/buffer/-/buffer-5.7.1.tgz"
    integrity sha512-EHcyIPBQ4BSGlvjB16k5KgAJ27CIsHY/2JBmCRReo48y9rQ3MaUzWX3KVlBa4U7MyX02HdVj0K7C3WaB3ju7FQ==
    dependencies:
      base64-js "^1.3.1"
      ieee754 "^1.1.13"
  
  busboy@^1.0.0:
    version "1.6.0"
    resolved "https://registry.npmjs.org/busboy/-/busboy-1.6.0.tgz"
    integrity sha512-8SFQbg/0hQ9xy3UNTB0YEnsNBbWfhf7RtnzpL7TkBiTBRfrQ9Fxcnz7VJsleJpyp6rVLvXiuORqjlHi5q+PYuA==
    dependencies:
      streamsearch "^1.1.0"
  
  bytes@3.1.2:
    version "3.1.2"
    resolved "https://registry.npmjs.org/bytes/-/bytes-3.1.2.tgz"
    integrity sha512-/Nf7TyzTx6S3yRJObOAV7956r8cr2+Oj8AC5dt8wSP3BQAoeX58NoHyCU8P8zGkNXStjTSi6fzO6F0pBdcYbEg==
  
  call-bind@^1.0.0:
    version "1.0.2"
    resolved "https://registry.npmjs.org/call-bind/-/call-bind-1.0.2.tgz"
    integrity sha512-7O+FbCihrB5WGbFYesctwmTKae6rOiIzmz1icreWJ+0aA7LJfuqhEso2T9ncpcFtzMQtzXf2QGGueWJGTYsqrA==
    dependencies:
      function-bind "^1.1.1"
      get-intrinsic "^1.0.2"
  
  concat-stream@^1.5.2:
    version "1.6.2"
    resolved "https://registry.npmjs.org/concat-stream/-/concat-stream-1.6.2.tgz"
    integrity sha512-27HBghJxjiZtIk3Ycvn/4kbJk/1uZuJFfuPEns6LaEvpvG1f0hTea8lilrouyo9mVc2GWdcEZ8OLoGmSADlrCw==
    dependencies:
      buffer-from "^1.0.0"
      inherits "^2.0.3"
      readable-stream "^2.2.2"
      typedarray "^0.0.6"
  
  content-disposition@0.5.4:
    version "0.5.4"
    resolved "https://registry.npmjs.org/content-disposition/-/content-disposition-0.5.4.tgz"
    integrity sha512-FveZTNuGw04cxlAiWbzi6zTAL/lhehaWbTtgluJh4/E95DqMwTmha3KZN1aAWA8cFIhHzMZUvLevkw5Rqk+tSQ==
    dependencies:
      safe-buffer "5.2.1"
  
  content-type@~1.0.4:
    version "1.0.5"
    resolved "https://registry.npmjs.org/content-type/-/content-type-1.0.5.tgz"
    integrity sha512-nTjqfcBFEipKdXCv4YDQWCfmcLZKm81ldF0pAopTvyrFGVbcR6P/VAAd5G7N+0tTr8QqiU0tFadD6FK4NtJwOA==
  
  cookie-signature@1.0.6:
    version "1.0.6"
    resolved "https://registry.npmjs.org/cookie-signature/-/cookie-signature-1.0.6.tgz"
    integrity sha512-QADzlaHc8icV8I7vbaJXJwod9HWYp8uCqf1xa4OfNu1T7JVxQIrUgOWtHdNDtPiywmFbiS12VjotIXLrKM3orQ==
  
  cookie@0.5.0:
    version "0.5.0"
    resolved "https://registry.npmjs.org/cookie/-/cookie-0.5.0.tgz"
    integrity sha512-YZ3GUyn/o8gfKJlnlX7g7xq4gyO6OSuhGPKaaGssGB2qgDUS0gPgtTvoyZLTt9Ab6dC4hfc9dV5arkvc/OCmrw==
  
  core-util-is@~1.0.0:
    version "1.0.3"
    resolved "https://registry.npmjs.org/core-util-is/-/core-util-is-1.0.3.tgz"
    integrity sha512-ZQBvi1DcpJ4GDqanjucZ2Hj3wEO5pZDS89BWbkcrvdxksJorwUDDZamX9ldFkp9aw2lmBDLgkObEA4DWNJ9FYQ==
  
  cors@^2.8.5:
    version "2.8.5"
    resolved "https://registry.npmjs.org/cors/-/cors-2.8.5.tgz"
    integrity sha512-KIHbLJqu73RGr/hnbrO9uBeixNGuvSQjul/jdFvS/KFSIH1hWVd1ng7zOHx+YrEfInLG7q4n6GHQ9cDtxv/P6g==
    dependencies:
      object-assign "^4"
      vary "^1"
  
  debug@2.6.9:
    version "2.6.9"
    resolved "https://registry.npmjs.org/debug/-/debug-2.6.9.tgz"
    integrity sha512-bC7ElrdJaJnPbAP+1EotYvqZsb3ecl5wi6Bfi6BJTUcNowp6cvspg0jXznRTKDjm/E7AdgFBVeAPVMNcKGsHMA==
    dependencies:
      ms "2.0.0"
  
  debug@4.x:
    version "4.3.4"
    resolved "https://registry.npmjs.org/debug/-/debug-4.3.4.tgz"
    integrity sha512-PRWFHuSU3eDtQJPvnNY7Jcket1j0t5OuOsFzPPzsekD52Zl8qUfFIPEiswXqIvHWGVHOgX+7G/vCNNhehwxfkQ==
    dependencies:
      ms "2.1.2"
  
  depd@2.0.0:
    version "2.0.0"
    resolved "https://registry.npmjs.org/depd/-/depd-2.0.0.tgz"
    integrity sha512-g7nH6P6dyDioJogAAGprGpCtVImJhpPk/roCzdb3fIh61/s/nPsfR6onyMwkCAR/OlC3yBC0lESvUoQEAssIrw==
  
  destroy@1.2.0:
    version "1.2.0"
    resolved "https://registry.npmjs.org/destroy/-/destroy-1.2.0.tgz"
    integrity sha512-2sJGJTaXIIaR1w4iJSNoN0hnMY7Gpc/n8D4qSCJw8QqFWXf7cuAgnEHxBpweaVcPevC2l3KpjYCx3NypQQgaJg==
  
  dotenv@^16.0.3:
    version "16.0.3"
    resolved "https://registry.npmjs.org/dotenv/-/dotenv-16.0.3.tgz"
    integrity sha512-7GO6HghkA5fYG9TYnNxi14/7K9f5occMlp3zXAuSxn7CKCxt9xbNWG7yF8hTCSUchlfWSe3uLmlPfigevRItzQ==
  
  ecdsa-sig-formatter@1.0.11:
    version "1.0.11"
    resolved "https://registry.npmjs.org/ecdsa-sig-formatter/-/ecdsa-sig-formatter-1.0.11.tgz"
    integrity sha512-nagl3RYrbNv6kQkeJIpt6NJZy8twLB/2vtz6yN9Z4vRKHN4/QZJIEbqohALSgwKdnksuY3k5Addp5lg8sVoVcQ==
    dependencies:
      safe-buffer "^5.0.1"
  
  ee-first@1.1.1:
    version "1.1.1"
    resolved "https://registry.npmjs.org/ee-first/-/ee-first-1.1.1.tgz"
    integrity sha512-WMwm9LhRUo+WUaRN+vRuETqG89IgZphVSNkdFgeb6sS/E4OrDIN7t48CAewSHXc6C8lefD8KKfr5vY61brQlow==
  
  encodeurl@~1.0.2:
    version "1.0.2"
    resolved "https://registry.npmjs.org/encodeurl/-/encodeurl-1.0.2.tgz"
    integrity sha512-TPJXq8JqFaVYm2CWmPvnP2Iyo4ZSM7/QKcSmuMLDObfpH5fi7RUGmd/rTDf+rut/saiDiQEeVTNgAmJEdAOx0w==
  
  escape-html@~1.0.3:
    version "1.0.3"
    resolved "https://registry.npmjs.org/escape-html/-/escape-html-1.0.3.tgz"
    integrity sha512-NiSupZ4OeuGwr68lGIeym/ksIZMJodUGOSCZ/FSnTxcrekbvqrgdUxlJOMpijaKZVjAJrWrGs/6Jy8OMuyj9ow==
  
  esm@^3.2.25:
    version "3.2.25"
    resolved "https://registry.npmjs.org/esm/-/esm-3.2.25.tgz"
    integrity sha512-U1suiZ2oDVWv4zPO56S0NcR5QriEahGtdN2OR6FiOG4WJvcjBVFB0qI4+eKoWFH483PKGuLuu6V8Z4T5g63UVA==
  
  etag@~1.8.1:
    version "1.8.1"
    resolved "https://registry.npmjs.org/etag/-/etag-1.8.1.tgz"
    integrity sha512-aIL5Fx7mawVa300al2BnEE4iNvo1qETxLrPI/o05L7z6go7fCw1J6EQmbK4FmJ2AS7kgVF/KEZWufBfdClMcPg==
  
  express@^4.18.2:
    version "4.18.2"
    resolved "https://registry.npmjs.org/express/-/express-4.18.2.tgz"
    integrity sha512-5/PsL6iGPdfQ/lKM1UuielYgv3BUoJfz1aUwU9vHZ+J7gyvwdQXFEBIEIaxeGf0GIcreATNyBExtalisDbuMqQ==
    dependencies:
      accepts "~1.3.8"
      array-flatten "1.1.1"
      body-parser "1.20.1"
      content-disposition "0.5.4"
      content-type "~1.0.4"
      cookie "0.5.0"
      cookie-signature "1.0.6"
      debug "2.6.9"
      depd "2.0.0"
      encodeurl "~1.0.2"
      escape-html "~1.0.3"
      etag "~1.8.1"
      finalhandler "1.2.0"
      fresh "0.5.2"
      http-errors "2.0.0"
      merge-descriptors "1.0.1"
      methods "~1.1.2"
      on-finished "2.4.1"
      parseurl "~1.3.3"
      path-to-regexp "0.1.7"
      proxy-addr "~2.0.7"
      qs "6.11.0"
      range-parser "~1.2.1"
      safe-buffer "5.2.1"
      send "0.18.0"
      serve-static "1.15.0"
      setprototypeof "1.2.0"
      statuses "2.0.1"
      type-is "~1.6.18"
      utils-merge "1.0.1"
      vary "~1.1.2"
  
  fast-xml-parser@4.2.5:
    version "4.2.5"
    resolved "https://registry.npmjs.org/fast-xml-parser/-/fast-xml-parser-4.2.5.tgz"
    integrity sha512-B9/wizE4WngqQftFPmdaMYlXoJlJOYxGQOanC77fq9k8+Z0v5dDSVh+3glErdIROP//s/jgb7ZuxKfB8nVyo0g==
    dependencies:
      strnum "^1.0.5"
  
  finalhandler@1.2.0:
    version "1.2.0"
    resolved "https://registry.npmjs.org/finalhandler/-/finalhandler-1.2.0.tgz"
    integrity sha512-5uXcUVftlQMFnWC9qu/svkWv3GTd2PfUhK/3PLkYNAe7FbqJMt3515HaxE6eRL74GdsriiwujiawdaB1BpEISg==
    dependencies:
      debug "2.6.9"
      encodeurl "~1.0.2"
      escape-html "~1.0.3"
      on-finished "2.4.1"
      parseurl "~1.3.3"
      statuses "2.0.1"
      unpipe "~1.0.0"
  
  forwarded@0.2.0:
    version "0.2.0"
    resolved "https://registry.npmjs.org/forwarded/-/forwarded-0.2.0.tgz"
    integrity sha512-buRG0fpBtRHSTCOASe6hD258tEubFoRLb4ZNA6NxMVHNw2gOcwHo9wyablzMzOA5z9xA9L1KNjk/Nt6MT9aYow==
  
  fresh@0.5.2:
    version "0.5.2"
    resolved "https://registry.npmjs.org/fresh/-/fresh-0.5.2.tgz"
    integrity sha512-zJ2mQYM18rEFOudeV4GShTGIQ7RbzA7ozbU9I/XBpm7kqgMywgmylMwXHxZJmkVoYkna9d2pVXVXPdYTP9ej8Q==
  
  function-bind@^1.1.1:
    version "1.1.1"
    resolved "https://registry.npmjs.org/function-bind/-/function-bind-1.1.1.tgz"
    integrity sha512-yIovAzMX49sF8Yl58fSCWJ5svSLuaibPxXQJFLmBObTuCr0Mf1KiPopGM9NiFjiYBCbfaa2Fh6breQ6ANVTI0A==
  
  get-intrinsic@^1.0.2:
    version "1.2.1"
    resolved "https://registry.npmjs.org/get-intrinsic/-/get-intrinsic-1.2.1.tgz"
    integrity sha512-2DcsyfABl+gVHEfCOaTrWgyt+tb6MSEGmKq+kI5HwLbIYgjgmMcV8KQ41uaKz1xxUcn9tJtgFbQUEVcEbd0FYw==
    dependencies:
      function-bind "^1.1.1"
      has "^1.0.3"
      has-proto "^1.0.1"
      has-symbols "^1.0.3"
  
  has-proto@^1.0.1:
    version "1.0.1"
    resolved "https://registry.npmjs.org/has-proto/-/has-proto-1.0.1.tgz"
    integrity sha512-7qE+iP+O+bgF9clE5+UoBFzE65mlBiVj3tKCrlNQ0Ogwm0BjpT/gK4SlLYDMybDh5I3TCTKnPPa0oMG7JDYrhg==
  
  has-symbols@^1.0.3:
    version "1.0.3"
    resolved "https://registry.npmjs.org/has-symbols/-/has-symbols-1.0.3.tgz"
    integrity sha512-l3LCuF6MgDNwTDKkdYGEihYjt5pRPbEg46rtlmnSPlUbgmB8LOIrKJbYYFBSbnPaJexMKtiPO8hmeRjRz2Td+A==
  
  has@^1.0.3:
    version "1.0.4"
    resolved "https://registry.npmjs.org/has/-/has-1.0.4.tgz"
    integrity sha512-qdSAmqLF6209RFj4VVItywPMbm3vWylknmB3nvNiUIs72xAimcM8nVYxYr7ncvZq5qzk9MKIZR8ijqD/1QuYjQ==
  
  http-errors@2.0.0:
    version "2.0.0"
    resolved "https://registry.npmjs.org/http-errors/-/http-errors-2.0.0.tgz"
    integrity sha512-FtwrG/euBzaEjYeRqOgly7G0qviiXoJWnvEH2Z1plBdXgbyjv34pHTSb9zoeHMyDy33+DWy5Wt9Wo+TURtOYSQ==
    dependencies:
      depd "2.0.0"
      inherits "2.0.4"
      setprototypeof "1.2.0"
      statuses "2.0.1"
      toidentifier "1.0.1"
  
  iconv-lite@0.4.24:
    version "0.4.24"
    resolved "https://registry.npmjs.org/iconv-lite/-/iconv-lite-0.4.24.tgz"
    integrity sha512-v3MXnZAcvnywkTUEZomIActle7RXXeedOR31wwl7VlyoXO4Qi9arvSenNQWne1TcRwhCL1HwLI21bEqdpj8/rA==
    dependencies:
      safer-buffer ">= 2.1.2 < 3"
  
  ieee754@^1.1.13:
    version "1.2.1"
    resolved "https://registry.npmjs.org/ieee754/-/ieee754-1.2.1.tgz"
    integrity sha512-dcyqhDvX1C46lXZcVqCpK+FtMRQVdIMN6/Df5js2zouUsqG7I6sFxitIC+7KYK29KdXOLHdu9zL4sFnoVQnqaA==
  
  inherits@^2.0.3, inherits@~2.0.3, inherits@2.0.4:
    version "2.0.4"
    resolved "https://registry.npmjs.org/inherits/-/inherits-2.0.4.tgz"
    integrity sha512-k/vGaX4/Yla3WzyMCvTQOXYeIHvqOKtnqBduzTHpzpQZzAskKMhZ2K+EnBiSM9zGSoIFeMpXKxa4dYeZIQqewQ==
  
  ip@^2.0.0:
    version "2.0.0"
    resolved "https://registry.npmjs.org/ip/-/ip-2.0.0.tgz"
    integrity sha512-WKa+XuLG1A1R0UWhl2+1XQSi+fZWMsYKffMZTTYsiZaUD8k2yDAj5atimTUD2TZkyCkNEeYE5NhFZmupOGtjYQ==
  
  ipaddr.js@1.9.1:
    version "1.9.1"
    resolved "https://registry.npmjs.org/ipaddr.js/-/ipaddr.js-1.9.1.tgz"
    integrity sha512-0KI/607xoxSToH7GjN1FfSbLoU0+btTicjsQSWQlh/hZykN8KpmMf7uYwPW3R+akZ6R/w18ZlXSHBYXiYUPO3g==
  
  isarray@~1.0.0:
    version "1.0.0"
    resolved "https://registry.npmjs.org/isarray/-/isarray-1.0.0.tgz"
    integrity sha512-VLghIWNM6ELQzo7zwmcg0NmTVyWKYjvIeM83yjp0wRDTmUnrM678fQbcKBo6n2CJEF0szoG//ytg+TKla89ALQ==
  
  jsonwebtoken@^9.0.0:
    version "9.0.0"
    resolved "https://registry.npmjs.org/jsonwebtoken/-/jsonwebtoken-9.0.0.tgz"
    integrity sha512-tuGfYXxkQGDPnLJ7SibiQgVgeDgfbPq2k2ICcbgqW8WxWLBAxKQM/ZCu/IT8SOSwmaYl4dpTFCW5xZv7YbbWUw==
    dependencies:
      jws "^3.2.2"
      lodash "^4.17.21"
      ms "^2.1.1"
      semver "^7.3.8"
  
  jwa@^1.4.1:
    version "1.4.1"
    resolved "https://registry.npmjs.org/jwa/-/jwa-1.4.1.tgz"
    integrity sha512-qiLX/xhEEFKUAJ6FiBMbes3w9ATzyk5W7Hvzpa/SLYdxNtng+gcurvrI7TbACjIXlsJyr05/S1oUhZrc63evQA==
    dependencies:
      buffer-equal-constant-time "1.0.1"
      ecdsa-sig-formatter "1.0.11"
      safe-buffer "^5.0.1"
  
  jws@^3.2.2:
    version "3.2.2"
    resolved "https://registry.npmjs.org/jws/-/jws-3.2.2.tgz"
    integrity sha512-YHlZCB6lMTllWDtSPHz/ZXTsi8S00usEV6v1tjq8tOUZzw7DpSDWVXjXDre6ed1w/pd495ODpHZYSdkRTsa0HA==
    dependencies:
      jwa "^1.4.1"
      safe-buffer "^5.0.1"
  
  kareem@2.5.1:
    version "2.5.1"
    resolved "https://registry.npmjs.org/kareem/-/kareem-2.5.1.tgz"
    integrity sha512-7jFxRVm+jD+rkq3kY0iZDJfsO2/t4BBPeEb2qKn2lR/9KhuksYk5hxzfRYWMPV8P/x2d0kHD306YyWLzjjH+uA==
  
  lodash@^4.17.21:
    version "4.17.21"
    resolved "https://registry.npmjs.org/lodash/-/lodash-4.17.21.tgz"
    integrity sha512-v2kDEe57lecTulaDIuNTPy3Ry4gLGJ6Z1O3vE1krgXZNrsQ+LFTGHVxVjcXPs17LhbZVGedAJv8XZ1tvj5FvSg==
  
  lru-cache@^6.0.0:
    version "6.0.0"
    resolved "https://registry.npmjs.org/lru-cache/-/lru-cache-6.0.0.tgz"
    integrity sha512-Jo6dJ04CmSjuznwJSS3pUeWmd/H0ffTlkXXgwZi+eq1UCmqQwCh+eLsYOYCwY991i2Fah4h1BEMCx4qThGbsiA==
    dependencies:
      yallist "^4.0.0"
  
  media-typer@0.3.0:
    version "0.3.0"
    resolved "https://registry.npmjs.org/media-typer/-/media-typer-0.3.0.tgz"
    integrity sha512-dq+qelQ9akHpcOl/gUVRTxVIOkAJ1wR3QAvb4RsVjS8oVoFjDGTc679wJYmUmknUF5HwMLOgb5O+a3KxfWapPQ==
  
  memory-pager@^1.0.2:
    version "1.5.0"
    resolved "https://registry.npmjs.org/memory-pager/-/memory-pager-1.5.0.tgz"
    integrity sha512-ZS4Bp4r/Zoeq6+NLJpP+0Zzm0pR8whtGPf1XExKLJBAczGMnSi3It14OiNCStjQjM6NU1okjQGSxgEZN8eBYKg==
  
  merge-descriptors@1.0.1:
    version "1.0.1"
    resolved "https://registry.npmjs.org/merge-descriptors/-/merge-descriptors-1.0.1.tgz"
    integrity sha512-cCi6g3/Zr1iqQi6ySbseM1Xvooa98N0w31jzUYrXPX2xqObmFGHJ0tQ5u74H3mVh7wLouTseZyYIq39g8cNp1w==
  
  methods@~1.1.2:
    version "1.1.2"
    resolved "https://registry.npmjs.org/methods/-/methods-1.1.2.tgz"
    integrity sha512-iclAHeNqNm68zFtnZ0e+1L2yUIdvzNoauKU4WBA3VvH/vPFieF7qfRlwUZU+DA9P9bPXIS90ulxoUoCH23sV2w==
  
  mime-db@1.52.0:
    version "1.52.0"
    resolved "https://registry.npmjs.org/mime-db/-/mime-db-1.52.0.tgz"
    integrity sha512-sPU4uV7dYlvtWJxwwxHD0PuihVNiE7TyAbQ5SWxDCB9mUYvOgroQOwYQQOKPJ8CIbE+1ETVlOoK1UC2nU3gYvg==
  
  mime-types@~2.1.24, mime-types@~2.1.34:
    version "2.1.35"
    resolved "https://registry.npmjs.org/mime-types/-/mime-types-2.1.35.tgz"
    integrity sha512-ZDY+bPm5zTTF+YpCrAU9nK0UgICYPT0QtT1NZWFv4s++TNkcgVaT0g6+4R2uI4MjQjzysHB1zxuWL50hzaeXiw==
    dependencies:
      mime-db "1.52.0"
  
  mime@1.6.0:
    version "1.6.0"
    resolved "https://registry.npmjs.org/mime/-/mime-1.6.0.tgz"
    integrity sha512-x0Vn8spI+wuJ1O6S7gnbaQg8Pxh4NNHb7KSINmEWKiPE4RKOplvijn+NkmYmmRgP68mc70j2EbeTFRsrswaQeg==
  
  minimist@^1.2.6:
    version "1.2.8"
    resolved "https://registry.npmjs.org/minimist/-/minimist-1.2.8.tgz"
    integrity sha512-2yyAR8qBkN3YuheJanUpWC5U3bb5osDywNB8RzDVlDwDHbocAJveqqj1u8+SVD7jkWT4yvsHCpWqqWqAxb0zCA==
  
  mkdirp@^0.5.4:
    version "0.5.6"
    resolved "https://registry.npmjs.org/mkdirp/-/mkdirp-0.5.6.tgz"
    integrity sha512-FP+p8RB8OWpF3YZBCrP5gtADmtXApB5AMLn+vdyA+PyxCjrCs00mjyUozssO33cwDeT3wNGdLxJ5M//YqtHAJw==
    dependencies:
      minimist "^1.2.6"
  
  mongodb-connection-string-url@^2.5.4:
    version "2.6.0"
    resolved "https://registry.npmjs.org/mongodb-connection-string-url/-/mongodb-connection-string-url-2.6.0.tgz"
    integrity sha512-WvTZlI9ab0QYtTYnuMLgobULWhokRjtC7db9LtcVfJ+Hsnyr5eo6ZtNAt3Ly24XZScGMelOcGtm7lSn0332tPQ==
    dependencies:
      "@types/whatwg-url" "^8.2.1"
      whatwg-url "^11.0.0"
  
  mongodb@4.13.0:
    version "4.13.0"
    resolved "https://registry.npmjs.org/mongodb/-/mongodb-4.13.0.tgz"
    integrity sha512-+taZ/bV8d1pYuHL4U+gSwkhmDrwkWbH1l4aah4YpmpscMwgFBkufIKxgP/G7m87/NUuQzc2Z75ZTI7ZOyqZLbw==
    dependencies:
      bson "^4.7.0"
      mongodb-connection-string-url "^2.5.4"
      socks "^2.7.1"
    optionalDependencies:
      "@aws-sdk/credential-providers" "^3.186.0"
      saslprep "^1.0.3"
  
  mongoose@^6.9.2:
    version "6.9.2"
    resolved "https://registry.npmjs.org/mongoose/-/mongoose-6.9.2.tgz"
    integrity sha512-Yb9rWJhYm+7Yf839QuKx2dXcclbA0GAMxtdDiaedHsOQU+y28cD/8gKYp1wTwwyAjKesqaGfLG4ez7D9lKpwBw==
    dependencies:
      bson "^4.7.0"
      kareem "2.5.1"
      mongodb "4.13.0"
      mpath "0.9.0"
      mquery "4.0.3"
      ms "2.1.3"
      sift "16.0.1"
  
  mpath@0.9.0:
    version "0.9.0"
    resolved "https://registry.npmjs.org/mpath/-/mpath-0.9.0.tgz"
    integrity sha512-ikJRQTk8hw5DEoFVxHG1Gn9T/xcjtdnOKIU1JTmGjZZlg9LST2mBLmcX3/ICIbgJydT2GOc15RnNy5mHmzfSew==
  
  mquery@4.0.3:
    version "4.0.3"
    resolved "https://registry.npmjs.org/mquery/-/mquery-4.0.3.tgz"
    integrity sha512-J5heI+P08I6VJ2Ky3+33IpCdAvlYGTSUjwTPxkAr8i8EoduPMBX2OY/wa3IKZIQl7MU4SbFk8ndgSKyB/cl1zA==
    dependencies:
      debug "4.x"
  
  ms@^2.1.1, ms@2.1.3:
    version "2.1.3"
    resolved "https://registry.npmjs.org/ms/-/ms-2.1.3.tgz"
    integrity sha512-6FlzubTLZG3J2a/NVCAleEhjzq5oxgHyaCU9yYXvcLsvoVaHJq/s5xXI6/XXP6tz7R9xAOtHnSO/tXtF3WRTlA==
  
  ms@2.0.0:
    version "2.0.0"
    resolved "https://registry.npmjs.org/ms/-/ms-2.0.0.tgz"
    integrity sha512-Tpp60P6IUJDTuOq/5Z8cdskzJujfwqfOTkrwIwj7IRISpnkJnT6SyJ4PCPnGMoFjC9ddhal5KVIYtAt97ix05A==
  
  ms@2.1.2:
    version "2.1.2"
    resolved "https://registry.npmjs.org/ms/-/ms-2.1.2.tgz"
    integrity sha512-sGkPx+VjMtmA6MX27oA4FBFELFCZZ4S4XqeGOXCv68tT+jb3vk/RyaKWP0PTKyWtmLSM0b+adUTEvbs1PEaH2w==
  
  multer@^1.4.5-lts.1:
    version "1.4.5-lts.1"
    resolved "https://registry.npmjs.org/multer/-/multer-1.4.5-lts.1.tgz"
    integrity sha512-ywPWvcDMeH+z9gQq5qYHCCy+ethsk4goepZ45GLD63fOu0YcNecQxi64nDs3qluZB+murG3/D4dJ7+dGctcCQQ==
    dependencies:
      append-field "^1.0.0"
      busboy "^1.0.0"
      concat-stream "^1.5.2"
      mkdirp "^0.5.4"
      object-assign "^4.1.1"
      type-is "^1.6.4"
      xtend "^4.0.0"
  
  negotiator@0.6.3:
    version "0.6.3"
    resolved "https://registry.npmjs.org/negotiator/-/negotiator-0.6.3.tgz"
    integrity sha512-+EUsqGPLsM+j/zdChZjsnX51g4XrHFOIXwfnCVPGlQk/k5giakcKsuxCObBRu6DSm9opw/O6slWbJdghQM4bBg==
  
  object-assign@^4, object-assign@^4.1.1:
    version "4.1.1"
    resolved "https://registry.npmjs.org/object-assign/-/object-assign-4.1.1.tgz"
    integrity sha512-rJgTQnkUnH1sFw8yT6VSU3zD3sWmu6sZhIseY8VX+GRu3P6F7Fu+JNDoXfklElbLJSnc3FUQHVe4cU5hj+BcUg==
  
  object-inspect@^1.9.0:
    version "1.12.3"
    resolved "https://registry.npmjs.org/object-inspect/-/object-inspect-1.12.3.tgz"
    integrity sha512-geUvdk7c+eizMNUDkRpW1wJwgfOiOeHbxBR/hLXK1aT6zmVSO0jsQcs7fj6MGw89jC/cjGfLcNOrtMYtGqm81g==
  
  on-finished@2.4.1:
    version "2.4.1"
    resolved "https://registry.npmjs.org/on-finished/-/on-finished-2.4.1.tgz"
    integrity sha512-oVlzkg3ENAhCk2zdv7IJwd/QUD4z2RxRwpkcGY8psCVcCYZNq4wYnVWALHM+brtuJjePWiYF/ClmuDr8Ch5+kg==
    dependencies:
      ee-first "1.1.1"
  
  parseurl@~1.3.3:
    version "1.3.3"
    resolved "https://registry.npmjs.org/parseurl/-/parseurl-1.3.3.tgz"
    integrity sha512-CiyeOxFT/JZyN5m0z9PfXw4SCBJ6Sygz1Dpl0wqjlhDEGGBP1GnsUVEL0p63hoG1fcj3fHynXi9NYO4nWOL+qQ==
  
  path-to-regexp@0.1.7:
    version "0.1.7"
    resolved "https://registry.npmjs.org/path-to-regexp/-/path-to-regexp-0.1.7.tgz"
    integrity sha512-5DFkuoqlv1uYQKxy8omFBeJPQcdoE07Kv2sferDCrAq1ohOU+MSDswDIbnx3YAM60qIOnYa53wBhXW0EbMonrQ==
  
  process-nextick-args@~2.0.0:
    version "2.0.1"
    resolved "https://registry.npmjs.org/process-nextick-args/-/process-nextick-args-2.0.1.tgz"
    integrity sha512-3ouUOpQhtgrbOa17J7+uxOTpITYWaGP7/AhoR3+A+/1e9skrzelGi/dXzEYyvbxubEF6Wn2ypscTKiKJFFn1ag==
  
  proxy-addr@~2.0.7:
    version "2.0.7"
    resolved "https://registry.npmjs.org/proxy-addr/-/proxy-addr-2.0.7.tgz"
    integrity sha512-llQsMLSUDUPT44jdrU/O37qlnifitDP+ZwrmmZcoSKyLKvtZxpyV0n2/bD/N4tBAAZ/gJEdZU7KMraoK1+XYAg==
    dependencies:
      forwarded "0.2.0"
      ipaddr.js "1.9.1"
  
  punycode@^2.1.1:
    version "2.3.0"
    resolved "https://registry.npmjs.org/punycode/-/punycode-2.3.0.tgz"
    integrity sha512-rRV+zQD8tVFys26lAGR9WUuS4iUAngJScM+ZRSKtvl5tKeZ2t5bvdNFdNHBW9FWR4guGHlgmsZ1G7BSm2wTbuA==
  
  qs@6.11.0:
    version "6.11.0"
    resolved "https://registry.npmjs.org/qs/-/qs-6.11.0.tgz"
    integrity sha512-MvjoMCJwEarSbUYk5O+nmoSzSutSsTwF85zcHPQ9OrlFoZOYIjaqBAJIqIXjptyD5vThxGq52Xu/MaJzRkIk4Q==
    dependencies:
      side-channel "^1.0.4"
  
  range-parser@~1.2.1:
    version "1.2.1"
    resolved "https://registry.npmjs.org/range-parser/-/range-parser-1.2.1.tgz"
    integrity sha512-Hrgsx+orqoygnmhFbKaHE6c296J+HTAQXoxEF6gNupROmmGJRoyzfG3ccAveqCBrwr/2yxQ5BVd/GTl5agOwSg==
  
  raw-body@2.5.1:
    version "2.5.1"
    resolved "https://registry.npmjs.org/raw-body/-/raw-body-2.5.1.tgz"
    integrity sha512-qqJBtEyVgS0ZmPGdCFPWJ3FreoqvG4MVQln/kCgF7Olq95IbOp0/BWyMwbdtn4VTvkM8Y7khCQ2Xgk/tcrCXig==
    dependencies:
      bytes "3.1.2"
      http-errors "2.0.0"
      iconv-lite "0.4.24"
      unpipe "1.0.0"
  
  readable-stream@^2.2.2:
    version "2.3.8"
    resolved "https://registry.npmjs.org/readable-stream/-/readable-stream-2.3.8.tgz"
    integrity sha512-8p0AUk4XODgIewSi0l8Epjs+EVnWiK7NoDIEGU0HhE7+ZyY8D1IMY7odu5lRrFXGg71L15KG8QrPmum45RTtdA==
    dependencies:
      core-util-is "~1.0.0"
      inherits "~2.0.3"
      isarray "~1.0.0"
      process-nextick-args "~2.0.0"
      safe-buffer "~5.1.1"
      string_decoder "~1.1.1"
      util-deprecate "~1.0.1"
  
  safe-buffer@^5.0.1, safe-buffer@5.2.1:
    version "5.2.1"
    resolved "https://registry.npmjs.org/safe-buffer/-/safe-buffer-5.2.1.tgz"
    integrity sha512-rp3So07KcdmmKbGvgaNxQSJr7bGVSVk5S9Eq1F+ppbRo70+YeaDxkw5Dd8NPN+GD6bjnYm2VuPuCXmpuYvmCXQ==
  
  safe-buffer@~5.1.0:
    version "5.1.2"
    resolved "https://registry.npmjs.org/safe-buffer/-/safe-buffer-5.1.2.tgz"
    integrity sha512-Gd2UZBJDkXlY7GbJxfsE8/nvKkUEU1G38c1siN6QP6a9PT9MmHB8GnpscSmMJSoF8LOIrt8ud/wPtojys4G6+g==
  
  safe-buffer@~5.1.1:
    version "5.1.2"
    resolved "https://registry.npmjs.org/safe-buffer/-/safe-buffer-5.1.2.tgz"
    integrity sha512-Gd2UZBJDkXlY7GbJxfsE8/nvKkUEU1G38c1siN6QP6a9PT9MmHB8GnpscSmMJSoF8LOIrt8ud/wPtojys4G6+g==
  
  "safer-buffer@>= 2.1.2 < 3":
    version "2.1.2"
    resolved "https://registry.npmjs.org/safer-buffer/-/safer-buffer-2.1.2.tgz"
    integrity sha512-YZo3K82SD7Riyi0E1EQPojLz7kpepnSQI9IyPbHHg1XXXevb5dJI7tpyN2ADxGcQbHG7vcyRHk0cbwqcQriUtg==
  
  saslprep@^1.0.3:
    version "1.0.3"
    resolved "https://registry.npmjs.org/saslprep/-/saslprep-1.0.3.tgz"
    integrity sha512-/MY/PEMbk2SuY5sScONwhUDsV2p77Znkb/q3nSVstq/yQzYJOH/Azh29p9oJLsl3LnQwSvZDKagDGBsBwSooag==
    dependencies:
      sparse-bitfield "^3.0.3"
  
  semver@^7.3.8:
    version "7.5.4"
    resolved "https://registry.npmjs.org/semver/-/semver-7.5.4.tgz"
    integrity sha512-1bCSESV6Pv+i21Hvpxp3Dx+pSD8lIPt8uVjRrxAUt/nbswYc+tK6Y2btiULjd4+fnq15PX+nqQDC7Oft7WkwcA==
    dependencies:
      lru-cache "^6.0.0"
  
  send@0.18.0:
    version "0.18.0"
    resolved "https://registry.npmjs.org/send/-/send-0.18.0.tgz"
    integrity sha512-qqWzuOjSFOuqPjFe4NOsMLafToQQwBSOEpS+FwEt3A2V3vKubTquT3vmLTQpFgMXp8AlFWFuP1qKaJZOtPpVXg==
    dependencies:
      debug "2.6.9"
      depd "2.0.0"
      destroy "1.2.0"
      encodeurl "~1.0.2"
      escape-html "~1.0.3"
      etag "~1.8.1"
      fresh "0.5.2"
      http-errors "2.0.0"
      mime "1.6.0"
      ms "2.1.3"
      on-finished "2.4.1"
      range-parser "~1.2.1"
      statuses "2.0.1"
  
  serve-static@1.15.0:
    version "1.15.0"
    resolved "https://registry.npmjs.org/serve-static/-/serve-static-1.15.0.tgz"
    integrity sha512-XGuRDNjXUijsUL0vl6nSD7cwURuzEgglbOaFuZM9g3kwDXOWVTck0jLzjPzGD+TazWbboZYu52/9/XPdUgne9g==
    dependencies:
      encodeurl "~1.0.2"
      escape-html "~1.0.3"
      parseurl "~1.3.3"
      send "0.18.0"
  
  setprototypeof@1.2.0:
    version "1.2.0"
    resolved "https://registry.npmjs.org/setprototypeof/-/setprototypeof-1.2.0.tgz"
    integrity sha512-E5LDX7Wrp85Kil5bhZv46j8jOeboKq5JMmYM3gVGdGH8xFpPWXUMsNrlODCrkoxMEeNi/XZIwuRvY4XNwYMJpw==
  
  side-channel@^1.0.4:
    version "1.0.4"
    resolved "https://registry.npmjs.org/side-channel/-/side-channel-1.0.4.tgz"
    integrity sha512-q5XPytqFEIKHkGdiMIrY10mvLRvnQh42/+GoBlFW3b2LXLE2xxJpZFdm94we0BaoV3RwJyGqg5wS7epxTv0Zvw==
    dependencies:
      call-bind "^1.0.0"
      get-intrinsic "^1.0.2"
      object-inspect "^1.9.0"
  
  sift@16.0.1:
    version "16.0.1"
    resolved "https://registry.npmjs.org/sift/-/sift-16.0.1.tgz"
    integrity sha512-Wv6BjQ5zbhW7VFefWusVP33T/EM0vYikCaQ2qR8yULbsilAT8/wQaXvuQ3ptGLpoKx+lihJE3y2UTgKDyyNHZQ==
  
  smart-buffer@^4.2.0:
    version "4.2.0"
    resolved "https://registry.npmjs.org/smart-buffer/-/smart-buffer-4.2.0.tgz"
    integrity sha512-94hK0Hh8rPqQl2xXc3HsaBoOXKV20MToPkcXvwbISWLEs+64sBq5kFgn2kJDHb1Pry9yrP0dxrCI9RRci7RXKg==
  
  socks@^2.7.1:
    version "2.7.1"
    resolved "https://registry.npmjs.org/socks/-/socks-2.7.1.tgz"
    integrity sha512-7maUZy1N7uo6+WVEX6psASxtNlKaNVMlGQKkG/63nEDdLOWNbiUMoLK7X4uYoLhQstau72mLgfEWcXcwsaHbYQ==
    dependencies:
      ip "^2.0.0"
      smart-buffer "^4.2.0"
  
  sparse-bitfield@^3.0.3:
    version "3.0.3"
    resolved "https://registry.npmjs.org/sparse-bitfield/-/sparse-bitfield-3.0.3.tgz"
    integrity sha512-kvzhi7vqKTfkh0PZU+2D2PIllw2ymqJKujUcyPMd9Y75Nv4nPbGJZXNhxsgdQab2BmlDct1YnfQCguEvHr7VsQ==
    dependencies:
      memory-pager "^1.0.2"
  
  statuses@2.0.1:
    version "2.0.1"
    resolved "https://registry.npmjs.org/statuses/-/statuses-2.0.1.tgz"
    integrity sha512-RwNA9Z/7PrK06rYLIzFMlaF+l73iwpzsqRIFgbMLbTcLD6cOao82TaWefPXQvB2fOC4AjuYSEndS7N/mTCbkdQ==
  
  streamsearch@^1.1.0:
    version "1.1.0"
    resolved "https://registry.npmjs.org/streamsearch/-/streamsearch-1.1.0.tgz"
    integrity sha512-Mcc5wHehp9aXz1ax6bZUyY5afg9u2rv5cqQI3mRrYkGC8rW2hM02jWuwjtL++LS5qinSyhj2QfLyNsuc+VsExg==
  
  string_decoder@~1.1.1:
    version "1.1.1"
    resolved "https://registry.npmjs.org/string_decoder/-/string_decoder-1.1.1.tgz"
    integrity sha512-n/ShnvDi6FHbbVfviro+WojiFzv+s8MPMHBczVePfUpDJLwoLT0ht1l4YwBCbi8pJAveEEdnkHyPyTP/mzRfwg==
    dependencies:
      safe-buffer "~5.1.0"
  
  strnum@^1.0.5:
    version "1.0.5"
    resolved "https://registry.npmjs.org/strnum/-/strnum-1.0.5.tgz"
    integrity sha512-J8bbNyKKXl5qYcR36TIO8W3mVGVHrmmxsd5PAItGkmyzwJvybiw2IVq5nqd0i4LSNSkB/sx9VHllbfFdr9k1JA==
  
  toidentifier@1.0.1:
    version "1.0.1"
    resolved "https://registry.npmjs.org/toidentifier/-/toidentifier-1.0.1.tgz"
    integrity sha512-o5sSPKEkg/DIQNmH43V0/uerLrpzVedkUh8tGNvaeXpfpuwjKenlSox/2O/BTlZUtEe+JG7s5YhEz608PlAHRA==
  
  tr46@^3.0.0:
    version "3.0.0"
    resolved "https://registry.npmjs.org/tr46/-/tr46-3.0.0.tgz"
    integrity sha512-l7FvfAHlcmulp8kr+flpQZmVwtu7nfRV7NZujtN0OqES8EL4O4e0qqzL0DC5gAvx/ZC/9lk6rhcUwYvkBnBnYA==
    dependencies:
      punycode "^2.1.1"
  
  tslib@^1.11.1:
    version "1.14.1"
    resolved "https://registry.npmjs.org/tslib/-/tslib-1.14.1.tgz"
    integrity sha512-Xni35NKzjgMrwevysHTCArtLDpPvye8zV/0E4EyYn43P7/7qvQwPh9BGkHewbMulVntbigmcT7rdX3BNo9wRJg==
  
  tslib@^2.3.1, tslib@^2.5.0:
    version "2.6.2"
    resolved "https://registry.npmjs.org/tslib/-/tslib-2.6.2.tgz"
    integrity sha512-AEYxH93jGFPn/a2iVAwW87VuUIkR1FVUKB77NwMF7nBTDkDrrT/Hpt/IrCJ0QXhW27jTBDcf5ZY7w6RiqTMw2Q==
  
  type-is@^1.6.4, type-is@~1.6.18:
    version "1.6.18"
    resolved "https://registry.npmjs.org/type-is/-/type-is-1.6.18.tgz"
    integrity sha512-TkRKr9sUTxEH8MdfuCSP7VizJyzRNMjj2J2do2Jr3Kym598JVdEksuzPQCnlFPW4ky9Q+iA+ma9BGm06XQBy8g==
    dependencies:
      media-typer "0.3.0"
      mime-types "~2.1.24"
  
  typedarray@^0.0.6:
    version "0.0.6"
    resolved "https://registry.npmjs.org/typedarray/-/typedarray-0.0.6.tgz"
    integrity sha512-/aCDEGatGvZ2BIk+HmLf4ifCJFwvKFNb9/JeZPMulfgFracn9QFcAf5GO8B/mweUjSoblS5In0cWhqpfs/5PQA==
  
  undici-types@~5.25.1:
    version "5.25.3"
    resolved "https://registry.npmjs.org/undici-types/-/undici-types-5.25.3.tgz"
    integrity sha512-Ga1jfYwRn7+cP9v8auvEXN1rX3sWqlayd4HP7OKk4mZWylEmu3KzXDUGrQUN6Ol7qo1gPvB2e5gX6udnyEPgdA==
  
  unpipe@~1.0.0, unpipe@1.0.0:
    version "1.0.0"
    resolved "https://registry.npmjs.org/unpipe/-/unpipe-1.0.0.tgz"
    integrity sha512-pjy2bYhSsufwWlKwPc+l3cN7+wuJlK6uz0YdJEOlQDbl6jo/YlPi4mb8agUkVC8BF7V8NuzeyPNqRksA3hztKQ==
  
  util-deprecate@~1.0.1:
    version "1.0.2"
    resolved "https://registry.npmjs.org/util-deprecate/-/util-deprecate-1.0.2.tgz"
    integrity sha512-EPD5q1uXyFxJpCrLnCc1nHnq3gOa6DZBocAIiI2TaSCA7VCJ1UJDMagCzIkXNsUYfD1daK//LTEQ8xiIbrHtcw==
  
  utils-merge@1.0.1:
    version "1.0.1"
    resolved "https://registry.npmjs.org/utils-merge/-/utils-merge-1.0.1.tgz"
    integrity sha512-pMZTvIkT1d+TFGvDOqodOclx0QWkkgi6Tdoa8gC8ffGAAqz9pzPTZWAybbsHHoED/ztMtkv/VoYTYyShUn81hA==
  
  uuid@^8.3.2:
    version "8.3.2"
    resolved "https://registry.npmjs.org/uuid/-/uuid-8.3.2.tgz"
    integrity sha512-+NYs2QeMWy+GWFOEm9xnn6HCDp0l7QBD7ml8zLUmJ+93Q5NF0NocErnwkTkXVFNiX3/fpC6afS8Dhb/gz7R7eg==
  
  vary@^1, vary@~1.1.2:
    version "1.1.2"
    resolved "https://registry.npmjs.org/vary/-/vary-1.1.2.tgz"
    integrity sha512-BNGbWLfd0eUPabhkXUVm0j8uuvREyTh5ovRa/dyow/BqAbZJyC+5fU+IzQOzmAKzYqYRAISoRhdQr3eIZ/PXqg==
  
  webidl-conversions@^7.0.0:
    version "7.0.0"
    resolved "https://registry.npmjs.org/webidl-conversions/-/webidl-conversions-7.0.0.tgz"
    integrity sha512-VwddBukDzu71offAQR975unBIGqfKZpM+8ZX6ySk8nYhVoo5CYaZyzt3YBvYtRtO+aoGlqxPg/B87NGVZ/fu6g==
  
  whatwg-url@^11.0.0:
    version "11.0.0"
    resolved "https://registry.npmjs.org/whatwg-url/-/whatwg-url-11.0.0.tgz"
    integrity sha512-RKT8HExMpoYx4igMiVMY83lN6UeITKJlBQ+vR/8ZJ8OCdSiN3RwCq+9gH0+Xzj0+5IrM6i4j/6LuvzbZIQgEcQ==
    dependencies:
      tr46 "^3.0.0"
      webidl-conversions "^7.0.0"
  
  xtend@^4.0.0:
    version "4.0.2"
    resolved "https://registry.npmjs.org/xtend/-/xtend-4.0.2.tgz"
    integrity sha512-LKYU1iAXJXUgAXn9URjiu+MWhyUXHsvfp7mcuYm9dSUKK0/CjtrUwFAxD82/mCWbtLsGjFIad0wIsod4zrTAEQ==
  
  yallist@^4.0.0:
    version "4.0.0"
    resolved "https://registry.npmjs.org/yallist/-/yallist-4.0.0.tgz"
    integrity sha512-3wdGidZyq5PB084XLES5TpOSRA3wjXAlIWMhum2kRcv/41Sn2emQ0dycQW4uZXLejwKvg6EsvbdlVL+FYEct7A==
